418
738
34817
6429
65537
131073
285
29
1
133377
1
701826
13
93
29
16385
1
2
97
126593
524289
1
3229
13154
0
53218
1762
1
18
306
1025
3378
5
4322
0
173
3073
1
17575
0
225176
70823
1
1
2
34
1
1
45
66349
2
61
410
160613
3226
1
8866
65537
1762
151553
29
49890
494882
101666
2
1
162
13
129
169698
1
1
1
24577
29
98
3329
1
727325
2
82433
1
1085
61
61
3010
434177
5
1346
34530
5
719565
14621
2
45
1
121249
1961
2134
1
165
24231
7
287
64
0
1
2
743
1
22359
519000
1
1309
1
280365
6429
1762
5
366233
29
1
7705
1
29
1537
5
1
1
27785
1
1
1
72961
230102
1
1
61954
29
2018
36893
29
4066
98
29
1
125
9345
29
128930
1762
1
132834
1
1
2901
1
16353
1
1
546262
40505
90566
57
57
1
6
38
794809
25030
2
2242
226
226
1821
360449
1
2
63554
1762
1
1181
1181
866
32610
14178
13
6925
1
1
3373
4178
110509
1
82
17581
119597
381741
1
313
6823
31399
9560
88
21208
1240
1
8
14152
3
3
55857
1
171
1
61441
1876
1
107521
1
112
24577
167
24
1
0
6464
1
210816
0
1
113
88
138151
7
127896
191320
11096
5287
1
1
1
88
1
1581
856
0
8648
167
7
151
1
825176
1
167
24743
491521
0
0
15641
21671
2904
8193
0
5
40
71256
1
0
4471
1
17
504
14680
87207
24
1473
15192
1
1
344
476504
1
0
593
1
54353
256319
192
6336
192
192
2367
1
448
5183
63
128
1793
4991
0
5
652
35
405539
1
4131
1
11299
96220
12
163
147
2049
115603
1
65537
19
0
437
1
63985
305111
3
853
88
39
1
104
4007
3672
39
57688
1
76481
70823
856
167
0
2052
3
460188
3
52
366644
4
20
84859
0
152
4097
7
0
434783
5287
88
4056
1240
1
39
1
276803
5287
1
21671
7
7
81
214913
319
1
1
64
1
70017
226
1
28418
2333
0
1
1
329
0
2
130
29
107009
349026
29
1
610
1
310
1
1
134
8705
25
2
1
34809
1762
1
1
383
397313
1762
285
1
241
1011229
1762
29
29
58849
63773
2
241
1
1
4297
29
541
29981
63773
1
1
13537
1
0
51
85953
1
25057
738
2
865
226
416029
0
801
44199
27480
65537
1
7
215
5976
1
90328
96280
1
24
3073
103
11777
14311
103
31617
1
1
6177
27480
7
24279
0
239684
251
1
1
39296
1
557464
167
83623
24
120
7
147968
1
63
0
35200
46335
1
11519
0
3456
1
0
2432
339969
767680
14016
192
116225
0
63
1
31586
2
9154
66
2
2
597329
29541
1
101
13825
18842
410
2
1090
67298
98
29
1281
1
29928
1762
13
49
2
1
490509
569
59846
57
1025
1
1357
2
82
172333
1
2049
1
53
1
689
11833
1
1169
106497
1762
29
157
248674
2
413
1
2
5725
1
471773
13021
29
65442
226
226
1
219074
1
1762
29
91234
29
62721
1
3841
2
1
4389
0
34
0
333
167
1
378023
3
11968
88
88
1
47825
24
82200
1
695
167
0
0
251234
1
2077
6429
1
738
1
29
1153
0
94005
977752
167
21671
922791
453464
1
2
285385
1762
6429
738
1309
2786
1
2
29461
25030
57
29441
6
41377
177
1
1
2
12730
1
1
13953
368437
106293
106293
1
38018
1
283
31492
262145
0
2
0
3
196
3
117
24577
0
1608
1
6375
0
109
88
7
17
192
13631
1
14143
0
9971
234663
5287
11096
1
344
856
114689
2215
856
88
88
8999
1
1031
1
1
2823
1
48888
0
1
0
6415
32769
7
193
1799
775
7943
248
1
7
3
105
14075
22788
123
51204
20100
3
10065
1
6796
2412
190828
44
1
129587
0
4
51
52
1
863988
1
84
43
80897
1
82987
1
219649
1
1
11
3
14612
28
13889
739
284
43521
321820
1
1
3
492
0
184481
1
1
1
31993
1
4
1
228
91
4
1
257
784475
27
14180
804
13092
36
220673
36
2011
475
1025
10241
393217
26075
236068
1
1
1
16
29
133793
1
29
4865
13
397
82
89261
2
0
4317
34
0
8
1
1
7
27815
167
194392
1
37208
1368
679
88
959320
167
110424
7
192360
70823
1
7
129361
88
1537
146648
807
807
1
3879
1
74631
42967
1
791
407
466536
407
8
233761
1
10728
7
264985
39
95233
0
22207
123
56315
21499
5115
3076
1
987
3
11
4
170027
1
5784
2
1
2
120
600
11864
24999
88
12289
88
129025
524289
228135
262145
1
185560
6951
1240
1240
29912
443608
24
4792
1
32769
1
53391
5287
5287
1
0
25169
3
43621
1
37
29
102493
4829
0
2
13825
1
1
6
374
41
8790
180950
41
11734
1
847401
214
1
716937
937
20393
1
71913
1
1897
4097
2
1
1
1
21185
1
1
2
5
113
121430
2
8149
198
10297
57
95430
1
1
30
6481
81
148481
81
1
1318
417337
2
851609
98
1762
4962
34
2
497
1025
1
1
430
14
17
145
50158
1
113
1
16638
14
1665
1
15873
1
1
254
13569
62
5502
147457
3585
62
126
126
254
387073
524289
766
257
1
1
1
977
2817
1
126
4609
2
89
226
4097
0
46747
24
0
52257
1
163329
14621
1
2653
1314
13602
351522
0
23170
1
3405
1
65
24
1
9
11060
20219
1787
123
1
1537
0
7
261576
1
439
28872
26824
26824
223432
200
1
200
55
698369
1
49
678178
93
4002
13917
93
4002
1
5826
60248
167
1
0
4177
1197
211794
50349
1
1
26706
18
141
3890
45261
1
105
1
74553
187814
422
1
3950
1
1
34
1
98
2
1
108706
262145
1
226
13026
285
1
7681
1
5
2001
86
29097
1
41
246
1
1545
808873
86
1961
1961
2
101985
1
1
25
66
1
1985
14274
1
29
482
1
49
29138
45
813
1
911847
1762
285
738
285
226
657409
4381
285
305153
1762
1
625
6429
1
1117
1
48322
738
256001
1309
3357
622593
1
1058
285
4322
2
49
0
3757
4097
8
1
2951
3
15961
4
20649
2012
2049
12
945
1
9
7709
29
1
15549
1
226
11490
738
151553
1762
98305
5
111946
869
869
1
85
57
1017
1
2
141
3810
3810
4381
135453
4381
32769
1
2
1
70
196806
1
1977
1
2425
581633
6
518
1
254901
31005
1762
1
132834
285
1
11265
34
98
2
34
93
2018
681698
1
5
67354
4965
357
52737
10906
16385
26
1274
1
84986
1
5
250
13569
2
864834
34
1
8322
1
610
167
14081
24
1
8568
1
1
2799
1
90113
3
7
97
1
61
0
80
98
738
7325
354
1
1
625
1
9985
47389
1
5
30889
1
6
66425
86
2985
2
78989
7737
1
6
273
96945
177
0
1
1
26050
6429
1762
3810
29
97
29
2845
29
599133
1
3133
66
450
65537
13
127009
1
1
138797
1
70823
70823
856
1
0
57
9473
2904
5287
596824
17575
1
1
353
4097
0
1
6993
1
9
3
59
8
6280
1
136
1
2264
7
85033
1
201895
7
135
3
85
902311
1
16903
19704
7
263
1
0
184
1
429
104699
6395
1
2299
22779
14084
4
291
3
113
0
336055
198370
29
1634
34
14114
290
221
17698
1
1
438273
1
1
1
2
981
869
869
1
1
1
20421
1762
1762
1
2
5
29477
884737
1762
1
110725
191320
0
64
0
65
199681
15
1
0
1704
11096
24
455832
1
1
24
2823
24
472504
7
1
456
1
0
1
6847
21671
8
0
1
79
167
88
8
0
10249
1
6
1
383769
57
151238
507193
17094
1
48322
977752
60248
0
5169
1
45981
1
418
29
10653
533442
1
66
141825
23741
107330
1
672578
1
834
931005
1
205
49837
266066
1
172033
3922
173
23378
5
71277
1
1
52378
2
5
1542
443897
6
2518
950
73
6145
10313
1
1
950
76873
1
95158
1
22209
132834
1
1
5665
1
1
9670
204345
1
6
54337
8014
177
1
769
1
5809
5809
49
305
14
1
2785
1
1
9058
65537
1
1
1506
2
156442
26
24677
1
1
1
2
52781
1
1
128717
22957
1
87634
1
502189
82
1581
16385
1
1025
4178
1
18
7730
306
1
4146
1
306
868658
114381
16690
16077
1
3266
479233
24
24
1
0
9551
303
1
7
491264
15
562961
1
1
7
431
4775
1
0
224512
5824
319
319
32769
1
192
192
0
747908
4
644
27
1121
347739
1
27
2020
14337
1
1
232036
1
292
1115
118785
27
152571
1627
164
1956
1
11
225
513
171
7681
2219
856065
1
4
4
4
31171
1
4
1
625
8024
835585
24
417
0
0
505
16897
226
738
1
134
1478
6
0
3970
29
2
69
157
13
18
6145
1
18
1
0
440
1
2146
1
1
0
5223
31005
2
194530
63773
2
57
4665
9670
1
8761
413126
1
25
201
1
353
513
1
478658
1
1
127560
24
23576
1
1
15800
969976
7
7
1
223061
0
30393
24
341633
8
561
79831
30679
0
6568
21671
1
2904
1
29863
1
1
1
289
1
82473
7737
6
100358
120918
937
794710
1
1537
6
2
2885
7737
41414
7737
1
681
13
517937
1
2
61306
2
2474
869
4965
21349
2
109
72418
226
12289
194845
34
34
1
214
57
1478
1
1
2502
1
42297
6
56278
15286
9
1
411881
1
16534
1
1
886882
1
7
896
319
1
63
1
19903
1
1
216
60417
1
4610
1
61
2
802
285
14050
1762
153885
1
1
0
26
165274
245466
730
293
37
37377
869
1
1
20205
29
285
24577
285
1762
1
1
7646
57
6
2681
42489
9
54
3897
1
1377
1
16047
1762
34
162
29
1
2
1
162
738
13597
1309
29
1
7
130002
18
3602
122881
268717
82
66386
258221
1
1
9869
1
249
73473
37
14593
19610
117914
1178
10
42433
1
64749
1762
262145
1
738
1
7
113
311266
1
3213
41414
1
6401
98305
1
6289
1
5
7
847
20160
1728
319
1
7809
896
1151
1
2807
1
7
65
775
1
850072
191320
24
1
36353
5287
1191
7
41
831
3903
36671
1
61311
20607
524289
1
3
95853
60248
167
354136
2904
1
380837
39
216
24
1
15
7
0
3311
1
1040512
5287
1191
917505
167
1
154689
2904
40961
1
458753
1
299
344
344
0
1
250648
460514
2
70
1593
1
5
6
362369
1
1
313
41
391529
1
534
22
1
71401
1
62998
1
1001
1040385
1
41
3561
12777
105
105
105
422889
233
1
3874
1
657
0
31
161
7169
98305
248
1
1
1
376
305890
285
29
2
5133
424221
1
1762
285
285
1
1570
1
1025
1
25
1314
1
26957
2
977
1
21037
88
1281
616449
1
24
0
1
25735
2904
1
3
1
525954
226
3810
13
363917
850
88065
850
850
2049
850
0
73103
1
2
1
5394
13
635565
9810
1618
75777
429
173
1
8606
569
1
1
84345
1
10598
56742
1
601
89
2598
204505
1
106841
1
25
6
9
21353
98153
150
662
307561
1
156310
1
1
121
98
98
1181
24577
13
2
1221
1
658789
1
349413
1253
1253
79077
26
794
1
200474
4325
1
8474
1
2693
1
5
10154
1
6145
357
7322
26
37
1
60122
1829
683813
1
483109
1
37
26
5413
293
2561
68389
224037
2
262
198
1
1849
70
1
2
2889
29
51009
263906
1762
708609
63773
1762
5
9
501
714
53
1
131914
1
13130
32769
10
71797
181
225281
10
0
29
39
110936
34008
39
984
1
66727
167
3
197444
260
1
0
1
25
408449
1
48088
162599
31527
132312
1240
6951
1
94919
8
6696
4392
315095
20776
8
6744
88
23128
423
1
301104
39
423
97112
1
8
10839
8
18199
1
23
0
32
14045
1
13026
1309
281314
1
1
32567
1
763
4
101889
1
281083
18939
13828
196609
150011
1540
3
1075
55297
11
1
1403
5287
39
1
1
1025
1
81368
1191
1
293
65537
2333
108829
1762
820962
6429
738
226
29
1
2
1
7816
34
8482
1762
147457
1762
24290
738
1
10
1
9587
332967
24
39
23832
24
1
6647
1
1
1
1013761
3
0
1476
251
3
4
1
143
26625
1
1537
1
0
887801
1
28932
1
1
4
3
9249
476
28
1
60
220
28
60
1
1
643
35
93731
35
193628
163
860
1
419
7260
53340
92
604
419
4
24355
220
4
3697
28
60
259
1
113404
3
2812
1
3
15889
856
49153
167
1
769
423
7
8
929
55
506369
1
8
7
407
159745
0
397
4952
88
3495
1191
344
62296
1
1383
3
0
32
315393
7
472
1
20696
1
2904
43864
332967
27480
27480
1
1
1025
85159
7
1
128
251393
1
14712
29
15841
29
157
14621
2
402
1
38777
6429
1
5858
14621
65537
1
31170
31005
14621
29
0
5
39
1
231
3047
14311
1
743
1
7
33
0
21
0
90627
0
930473
60248
1
167
1368
167
3
10056
344
7
118600
10199
1
6312
3
19865
1
5287
49153
5287
5287
5287
54439
2904
1191
7
23
1343
3
24
31271
1
5863
1
1424
1
1
14240
1
1
15495
1
167
72359
1368
1
1
3672
21671
0
1669
167
7
117696
26943
59711
1
713561
7
681
109735
0
96
3239
32769
60248
8
24
0
192
31
478593
60128
31
6913
1
100383
992
12289
224
480
1
5
96653
29
7937
1
255809
29
508993
5
57
5
3226
4965
101
1409
5
65
37
752730
1
2199
1
1
1
64421
29
32605
34
1757
44322
72413
72413
1
29
1
29
818
98509
1
6466
1
540549
1
0
9
223
3615
1
169440
25056
0
0
193
1
509
1
29
1
546
51933
1
2
2189
1762
2
2
17
154
257
613
2
1
125
1
21053
260381
1
108829
1
1
77
5
70906
250
55809
1
2
274
82
2
2541
154
6145
1
869
51354
101
816997
1
26
536037
5
1
217657
483782
221638
1
461
1
401
4381
63773
65537
13
485282
1
7965
1
0
41833
262145
1762
1
1762
710370
30434
1
1
2786
786433
29
1
1024029
106466
98
1
335
1
6
203105
16206
177
1
8014
177
1
73
584871
1
856
197799
167
60417
1
622593
88
5031
1
585
738
5
17
3229
1
285
285
1
77
0
34
36519
2023
4120
24
1
0
8
13441
7
8177
88
63911
39
0
1
1
66
167
4007
88
424024
88
24577
77735
88
1112
1
4097
1
8
8
3
22336
813912
7
296
1
31522
1
1
93
31745
74562
1
48569
1
1
244166
2502
25
281
30329
1
1
894
1
259545
57
6
89
3622
1
2342
1
273945
4582
1
25281
1
5601
0
2
1373
1
2
129
194877
1
29
1
7938
1
1
3
4
385
284411
7428
1
1
473297
971
1025
11
180
1
1
25
7297
1
1
1
1
13157
226
7965
9954
884737
2
41437
262145
1197
2
342121
1
753
5
5
4461
1
2049
7013
2
2
71810
13
2386
45
988589
1
527603
1
1880
3239
1
13479
1
80728
1
9473
1
1
99129
29541
35994
291685
10
5141
209717
1
1
1
168757
53
53
11521
2
2722
738
2
5
4817
16385
869
26
513
229
229
4581
1
138725
1
37
3641
0
251
29
8861
1
1
65
2
18
3410
1
6094
9
25
25
26945
70022
987526
390
9
1
6281
1
1025
937
1
6
6433
3641
6
509478
7590
369241
166
1369
89
2982
89
25
1
77689
16561
1
450
29
738
1
5858
1
366562
6429
129309
1
1
2
0
773
34817
167
0
0
34
247325
1
57
6
33
6
407673
6
88406
1
8630
438
5121
1
0
1
5
24349
29
7810
1
10818
29
641
962
61
4034
5
54853
1
1
46853
3641
25
2337
1
325
226
20194
1
2
142498
1762
925697
1762
5
282
210945
1893
1
2
122
794
1
1
16
733634
226
4322
13538
1
4741
454
24577
1
8761
24006
57
1
2
10213
1
1919
1
464917
1762
1
481
1
1
4557
1
921
6429
1762
198370
1
1
738
1
96121
1
1
1
1
5
106797
1
448797
29
1
0
196847
28932
3835
1787
59
13380
59
4097
1
1
12347
196
59
3
1493
856
4097
7
7
1
1
22946
24
8952
4871
1
24
696
1
34008
263
263
22279
1
1
23297
1
1
54957
1
1
647691
1
1762
65537
1
2333
36865
1
163841
95970
2333
29
257
1
15
1
22391
1
200
1
39
4263
1191
7335
167
31576
60248
7
23
929
383
1407
31
31
801663
3
524420
260
1
4660
491484
92
1116
0
11
167
5121
1
20647
167
167
88
3
5
907
20
1
1
135520
1
1
34
513
23266
296674
1
1
2
5
9
9
1537
793526
1
1
29430
1
12289
1174
150
659561
1
105
6
9
6
694
4617
13814
118
118
246
5494
1
118
9
1
9
6
585
7734
54
54
159030
1
525
79015
167
248487
5287
1
2904
1191
8
344
27992
98305
39
0
3
2244
1
260
260
100353
1
1
65537
6404
763
1
59
11
337
84
43
4353
1323
1
4
75
1
189992
1
88
88
3
4
7361
10660
1
22873
28932
1
13
769
39
1
359
763
260
4347
1796
772
772
4
0
1
400007
1
3929
1
1
10559
8384
1
4385
60128
224
32
65
0
218207
1
3904
190783
319
0
7391
7
15
24
2855
0
198527
5824
1
461
1
1
2
125
45
1
190029
226
2
31213
29
4066
221213
29
226
32738
90141
994
46109
29
249826
2
1
1
5
8
91681
7
24
440
856
1
8
2328
2904
39
9473
1
216
779992
1240
1
1
191
1
1
1
15865
229377
1
29
8961
122850
29
719361
1
2
1277
962
1
61
125
61
5
13
14370
1
1
26845
5
6537
1
34
24065
1
90
410
1637
1
1637
1
101
26
101
229
1
122
21761
28005
135834
191845
4762
1
1
250
25861
19205
51973
2
17
774113
67298
738
285
1
4381
14621
1
224641
1
1
489297
1
1
418246
1
1593
116281
454
16385
1
40961
1
8646
56889
131073
122425
1
0
51017
60248
1191
4097
88
234919
24999
423
1
103
600
121857
1624
395265
423
106072
3672
1624
99928
1
1624
1
1
455
29
1537
29
29853
1
158877
2
29
2
47762
850
33618
1
18
929
57549
1
67585
2
63729
1
194845
1
13
2
6
1161
1961
227329
206934
55209
1
1
5805
40961
1
7
24087
88
1281
1
39
1
24
27416
1
1
433
0
1
2
113089
329442
285
738
292578
1
226
419613
21730
1
87266
31005
63773
0
2
4216
24
1
245712
453464
24
21031
0
3
8
0
9
244897
0
60457
4356
1
1
11
33383
1
855463
70823
1
7
33
39
1
7
3073
1
161
0
89123
1
349031
29
2
1314
738
738
54557
1762
2333
0
28517
285
1
2049
1
489
1762
1
2561
3229
3229
1
2
1
1
157
2
29
266753
1
98
17409
2
3254
3641
1
6
31905
1
65
285
1
2
130
1
34973
1
245761
1
98
157
1
45581
173
1
173
338
1
1
66359
167
97281
5287
7
135
8871
423
0
35309
3
133439
1
495355
1
59
3
4
113
1
31891
1
4
16833
5723
1627
1627
1
1
303
226
22529
226
29
2
294
1
214
182
22
1
7169
1161
394377
118
46710
9
73
0
57
1
9762
293149
29
65
115713
1
194
226
1
85917
13
56018
1
850
1
350638
564793
1
24121
70
68294
6
177
945
1
37169
6
13441
177
689
1
3073
1
385
25105
3566
15854
131073
494
1553
1
110
50321
126062
1
17
1
5
7
32769
24
56
103425
88
856
0
13
797
67298
63773
1
1
2845
285
2
497
6994
850
82
29101
1
5
104074
154
522241
26778
1021797
1
641
1690
5786
30362
1690
1
469769
1
123334
7737
516550
1
25
2657
77222
6
2137
216486
1
1
646
6
833
505
57
518
6
689
1
1
9230
1
1
343329
174
1
88281
1762
915741
1762
226
285
4381
1
1
22
33
57
1
333529
950
1
689
70
1
201113
1
601
601
601
2470
11686
25
899969
7590
25177
166
33025
15449
1113
64422
1
402822
1
0
21
4952
1240
39
2305
216
7169
216
23768
216
489473
24
0
2189
377092
1
3
7
186641
26943
1
1
513
36865
1
1216
1
19073
1
167
856
0
5
113
1793
52
820
1
75
52
3275
4
4
3
302897
4419
3
49001
1
12
172
174227
44
19
12
1
203
251
4
22913
1
1787
55035
1
4036
1
0
16
12487
1
10919
34136
1368
344
39
0
11613
7
321
1191
1
7
39544
1
205
29784
39
1
1095
2088
1
552
459777
8
34856
87
49623
215
2049
21719
5335
1239
5335
216279
242472
4904
1
8
3639
40
1537
52264
9256
262145
7
0
14784
1
15
97
80
55376
65537
276560
1967
12368
65537
175
1
0
1
771968
5824
1
1
63
0
103
897
64
1
1
1
6
153
59846
57
57
1
2
3206
1
1
2249
1961
4097
1
2161
13
349
29
25373
1
405505
5
393
24577
393217
357
101
40090
1
2341
1
302234
2917
1178
1
101
1381
2458
101
1
26498
32769
7
1777
88
257
156888
113447
39
104449
1
7192
1
30744
22503
6119
458753
22503
0
41921
1
2360
39
7937
1
167
1
129
29
29
1309
6429
5
1
477
2
2
5
29
2
317
18941
1538
1
2
45
29
8674
49153
98
5121
157
1
25
167
20481
7768
7
0
386
2
501906
2
1314
285
8193
18146
1
435441
1
226
11265
1
3602
1
1
180225
338
1027410
19794
5
319713
1
5
3866
1
101
28673
1
0
29665
70823
726183
5287
856
1
3
275160
60248
1
167
9304
8
39
7
519
0
19185
1
12039
60248
131073
1
1
191320
167
8
0
69184
1
1
1
5824
1
36864
46335
0
31
959
9217
1
128
128
4479
383
12671
1
10840
868353
1
1
54114
98
1
5
89
454729
1
1
1
71193
0
13
167937
0
4
1
97
291
92
13313
35
12
60
65
3
49
16001
130332
739
28
28
7651
1
64513
995
27649
1
123137
142307
28
124
3
1235
1
95596
3
196
260
27
4
205553
84
769
4
3
4
35
12
129980
397635
4419
12
1987
133443
188
1
3
117777
1
255635
465260
1
1
1
8
15841
29
28701
1
477
5570
1
1845
2
33
70
198
1
1
103561
49
138689
177
1
1121
14337
17
3822
1
6
446
131073
14
6
654
9
16681
6
0
0
3
109
1
196
41787
196
3
2156
3
1
329284
3835
251
4
260
7931
4
2049
0
85124
4
61825
3
96580
393217
28932
12548
1
739
1
16385
11096
414887
88
3239
807
602328
61223
61223
1
3
315603
7
7832
775
17159
1
3
3
772
221185
103595
0
227187
0
177
1
1
31
0
48511
1
383
97920
1
63
115457
1
57345
4223
1
13919
1
0
3
3
56871
167
3495
35672
191320
1
7
2663
0
1
70178
738
342017
226
296162
1
58912
63773
1762
29
257
285
29
11777
1
129
1
2530
0
2233
1
4627
9954
1
2
81
1
321
2
32386
13
753
226
22785
29
1
9
865
5510
2681
2681
1414
1
3807
465181
285
263906
285
226
431645
67298
1
125446
25030
1
0
104289
1191
1
0
11
65
39
2008
984
8
8
228353
343848
1
16599
1
0
35
25348
1
1
16385
32769
0
7
344
252583
1
408
1025
1
24
152
24
2456
1
27047
30744
487
29697
231
58599
13592
1304
24
7169
7
5823
5287
344
57345
1
7873
87
1
92161
90920
40151
40151
1
1
449
29495
72
86785
26807
125111
1
1
2
1
123401
98
1
1896
22813
1
31005
329442
325917
198370
226
2018
5
2
285
2
2
153645
34
157
5
3689
47389
1
9357
1
0
6210
167
167
384513
1
167
344
1
1
7
450
28898
29
32285
34
1181
1
1134
569
1
9
2198
73
6
2
14
118118
601
1
6
246
63574
1
87977
2134
63401
1
4977
78
2609
78
6
6582
180225
63574
0
345
8
6183
1
15912
23
23
636631
2216
168
8
7
7
23
1
55384
1191
1
42215
0
17869
11096
234663
1
0
2
866
3810
1
24577
5405
125666
13
4290
1
1
1181
0
15
0
8
15576
24
13016
125784
70823
726183
0
40
116775
559079
1
10264
24
487
7
152768
0
4
50561
1
233019
196
20481
311099
7995
286523
68
6980
324
92161
102212
131073
0
4480
0
125
24
248
8
1
511
138753
3
255
1
7300
16385
1
1019
7172
1019
0
10050
1
54264
52472
786433
1
7
7
2040
8
7576
1191
856
1191
251047
3
119
252760
1
88
7
1
6728
22568
1
1
1
17
1
226
9501
1309
920290
1
19170
29
2
7578
1
235877
666
15717
5
197
250
122
5
135169
240261
1
109189
1
1669
1
1
2
0
0
32753
519000
70823
8
456
1
40
1
200705
106711
1
1
41
8
1
14697
2
246573
1
13
2
212925
1
25
5917
29
655361
1
1
34
98
93
2
1
89
133702
1
198
1
81120
1
29
1
1
32742
1
1
462
45902
14
478721
14
1
681
16297
1
86
303017
1
1
333
8
1
225541
34
1
125
2049
1
6945
1
5
257
962
61
61
255617
1
509
514
253
2
1025
19453
13314
1
510973
2
3457
514
509
899073
91650
432637
509
15874
1
509
1
9513
454
57
196806
7993
1
754241
64438
1
22477
1
42113
1
37377
1008349
733
1
7458
1
6941
1
520130
2333
31005
1
13
76674
226
29
485057
1
29
170721
67298
14621
801053
313058
1
10349
1
1
5
7063
1
6952
1832
215
169687
1
40
1
840
55
1
1
521
5
25697
1
26
7962
1
101
90
22874
19802
1
144037
262145
165
627201
910501
1189
1189
10
11802
165
11265
9381
1
2
132118
1
1078
1
1022406
1
1
854
86
2049
937
56406
1
54358
1
1
1
0
514
13
5293
1
1197
7341
491521
1
0
2
311522
1
1090
1
232269
14621
738
93469
1
177
10241
1
49
13
1
768809
1
34
228573
3362
290
2
217
14621
14621
2
1
20738
1
2
238082
1
2
98
1
183297
1
86882
2
29
161
2
194209
1
166353
346
165
2650
20133
2
1
9
93889
93
214050
29
140354
0
889
14337
7
16137
5824
1
12289
0
7744
114689
1
80064
1
1
9
3284
4
1
0
741
856
163841
344
447655
1
920
122023
1
17
10241
16385
29
1
802
1762
59106
6429
285
29
23809
226
18402
1
217089
237538
24605
8221
29
1
29
5
9
2401
591021
13
1
98
8065
88
134823
1
423
7768
39
1560
1
1241
2904
21671
11096
93016
5287
1
320
1
0
256
0
5633
90113
3
111
4
475
420
82340
420
0
578
167
24
257
1
7
0
125
0
290
1
41
35841
5346
62690
226
1
0
1
105
1
251
257
1
257
3613
13
2013
197458
850
2
94165
738
26909
1
98
39169
3362
119517
1
1281
34
93
11554
1
1
34
93
802
2
207946
154
52890
1
60797
738
29
29
35170
29
1
801
31745
10978
1
738
1
123618
3229
866
1
57
240485
1
34
157
29
1
453
285
29
2
175841
1
5
119457
494746
101
1
1
1
7984
1
29160
2007
1
63447
1
3
577
856
1
1
1
0
331
8193
1
1
66845
1
22877
1762
285
2
1858
1
4322
1
1
0
13
5
29
3554
2
113
13
557
18
5
234653
226
29
1
49
1
72066
1762
2
1901
1
1
33665
1
194
1793
1
961
1
1
326
352710
70
12601
1
409
1
1001
118
374
1161
1
1673
118
1
0
26765
1
3289
10
645
821
10
2
2
370157
10
1514
1701
1
53
769
57973
1
1
52746
10
2
14082
260381
34530
1
2
417
9
1905
4097
65537
1
1
1206
1
26625
262145
1
1
2825
61441
1
1
1
3641
454
147457
8761
57
966
2
6
1
2345
1
61301
154
1
86426
1637
1
43783
194845
1
2
324609
1762
738
2
21
198
1
1
97007
24
216
1025
167
193368
977752
1
4993
1
6456
0
234393
60248
344
2727
1
60583
167
50343
1
1
39
65
0
5
2
22
6
2
45865
34
226753
29
157
3810
125213
1
1762
1
127489
1
94
769
40961
1
1
3145
519000
1
24
408
9319
3
1528
86017
5287
38055
39
3
6499
28932
1
5
904143
5824
7
30271
0
31
15
847
2768
40961
5423
912080
1
205
1
1
578
5
570
1
101
2202
1690
101
5
386
14109
851969
5
58
2
30501
25
340793
1
1
6
134
1
1
1
226
45282
63773
1
2961
569
454
1
6
121
382086
375430
14982
2694
60038
148857
637574
1
3209
53249
86
1
2085
1
57
198
119609
198
1
1
32777
75689
0
15877
1
1762
1
34
413
2274
788765
5
1817
167066
4965
4965
1
1
3117
37318
9
25897
32769
54
1225
585
6729
118198
4681
1020489
1
1
40248
1191
65537
262145
27480
38055
27480
5287
60248
39
1025
211800
856
1
8
4007
248664
70823
5287
27480
1
6145
25432
58200
7
23
39937
8
1
1
17766
40505
983041
6
520937
1
1889
1
217
55975
1
39
491009
30935
215
10024
30935
215
23
1
983
914216
5335
1
7767
1
59393
87
8
1
2
417
111105
248
3
491268
1
763
63227
123
90747
3
233841
52
1
1
60705
20
1
2315
3
53585
35
129
1
65
0
3076
1
0
111
4
232571
262145
1
1633
420
1627
1
4225
49153
1
11801
24
102529
1
7
12888
248
248
248
112641
109575
504
2040
7
23
33
10248
1
13320
1
1
8
503
1
344
1
2
58
5
98
1
1
31579
63773
5
249
29
29697
194845
1762
34
1
797
226
14621
1
125
1
876386
86882
1
1
13469
16385
14621
0
7629
1
10722
285
285
18717
2
1
9558
454
1990
1
87609
57
2
29
83009
131073
336473
89
309761
1
601
601
25
4774
1
614169
60953
1
1921
89
422
1
889
1
77
9373
27805
98
3938
34
482
6145
1
8193
12573
1
6
41
3073
1
262145
182
47105
2
1669
806913
1
1593
390
121
2
32838
454
1
673
1
47305
1
1
393
65250
1
29
5
2
188985
29
65
3329
1
2
17
1
100050
1
163841
17581
17581
1197
82
45
19757
1
41554
2
1
82
1
82
257
82
228818
4909
11474
3282
5
170
101
30437
1
101
5
1573
250
1793
5
425
1
21018
37
257
16385
1
37
1
783
136359
1
54084
3835
4
28
129
587
3147
1
75
1
1
1
89
1
2
1
2
65224
22568
23
7777
215
446760
0
12871
103591
1
167
88
21761
327681
1240
1
1
1544
5287
24
1
4088
1799
28673
7943
0
688
2
1401
111461
54117
1
10
13893
3274
1
49354
6346
497866
53
405322
1
253
2
2
2
9725
82
82
4013
1
2
210
1
3309
1
2
145
98
669
389121
98
1
664002
1
1
88
1
33
426333
1762
1
32605
1
69
1
165
1593
454
1
6
426273
4486
119174
1
14
465
8193
1
1153
1
31873
129
25470
884737
2942
1
50787
11096
88
856
344
1
769
423
3
4
1
260
226817
1
1
633
29
866
1
2
2
321
1
1
545
1
15361
5477
1
5
1
445
0
871
1
1
1
1
3
7480
5287
167
29784
1
88
600
4097
1
88
517976
70823
70823
5287
1
161401
70823
191320
1
142168
1
54439
76632
1
248
87288
1
3
0
722999
856
7
5272
8
1
69031
88
4865
7768
1
7
1
785
1
6208
88
20737
1
0
13275
1
1
29538
1
1
377022
3641
12742
429625
29126
2
121
98
128285
1
1
727837
1
994
98
21346
1
21
0
1
7529
1
57
30209
454
57
96001
3897
9
89
24577
9
57
118710
1
438
71606
22
41
1929
7286
40054
9097
1
6
1
193
14
2817
14
270
20465
526
1
17
1
2046
1
53
88
600
28248
88
0
4992
0
4352
3968
127
163967
180096
344191
8064
0
0
933503
7040
0
3
97503
27480
8
1
563160
1
20824
0
7
2433
1
17409
5439
2752
0
7
1
272
62631
1
443800
1
1
1857
0
5
501505
88
2776
4097
16385
1
216
88
1
10705
856
15192
425985
0
0
49976
1
344
0
10608
1762
226
285
63202
2
28509
850
1
141
2786
1762
1762
1
2
21514
29541
2
401
1
517
1
285
285
391453
1
2
385
61
8193
1
480450
1
69602
1
285
1
821
4550
1
25
129245
4829
1
1
8017
1
851969
1
1
856
856
856
1
23
40
262807
1
50792
1640
460392
1640
3
184
19367
106072
8
3521
39
24
26279
7
1
23
1
199266
11096
114689
1
33168
1
721
28631
40
1025
1
1
1
10264
5287
856
167
7
2247
342872
1
3489
7
24
9377
56
71
1
12963
8
83063
1
40
2817
0
320
3
374123
0
99143
1
167
24
3073
248
139527
40711
1
7
31
24
366424
216
447489
88
7
6592
59711
7
0
287072
224
224
3296
15
1279
257279
1
1897
1
0
5599
190783
26943
2367
30400
229377
1
2367
128704
5824
0
5825
63
1
0
321
1
15723
1
1
7551
491521
78084
4
1
13793
0
2883
2904
3
29
187
68
61764
90948
4
16385
1
949815
167
24
15041
167
344
49153
1191
39
506023
1
3
289
2049
0
37273
2904
47960
1
283
4
1
76
9857
1
5852
0
39
7
495
63
328449
1
307072
127
127
1408
3
24033
60248
856
1
97
1
4143
216827
4
961
27649
1
852
1
1
129707
3828
1
11
3
1
1
8642
2333
57345
1
9
307016
1
1
1
2088
1
27944
90519
0
53
1
110222
57
198
24377
81721
49350
196609
198
1
198
838
77894
70
485561
70
57
1
89089
30649
70
6
1
98297
1
1
278
7094
22
6
54
297793
598
16385
169
6569
425
1
205302
3977
1
201
1
33518
48974
16206
1
11169
1
254
426238
254
1
13569
257
2
50818
1
4097
1
365085
1
8162
1
1439
183128
191320
344
1
8
1719
501761
1
9251
3
1
34309
8
449
270337
1
8
49
2983
1
108840
23
1
0
479
3
3
115308
1
57396
1
32
79448
778663
1
0
2505
1
226
226
11265
29
93410
1
1
769
1
158
9
30849
1
40877
25030
1
57
57
43449
25
24737
515494
122278
515494
1
0
681
1
88920
1368
88
131160
1
1
1
58328
1
9
1025153
1197
13
1901
1
13
2
18
1
185
318106
26
5
453
346
1370
5466
1370
1
51877
1
19109
2725
1
1113
226
226
143074
2
5
205190
1
70022
1
29
25
241574
4518
3673
25
4865
39462
6694
1
1497
1
25
161
1
1241
1
93
477
1
93
482909
1
59810
418
29
74269
34
48482
290
66269
13
19165
1
175970
460514
31005
1762
1
1
25565
226
1762
285
134882
1762
1762
285
12573
2
5
229
2049
196609
154
26
249381
1
1053
10
51002
183498
1
1
1
120885
21
21
6145
405
618
1429
106
21
123157
5
5
385
250
3333
2
137346
1
912385
5405
10978
2786
49153
2
69890
1085
1
104449
8130
1
1
594562
1
0
0
191
2561
6848
1
167
10432
1
1
831
13504
831
668479
1
0
17
1691
1
16385
573860
16804
4
57460
1
8139
3
28
3329
1
924
2049
1
40556
35
73692
35
1
3235
35
3
49
44
111617
812
53036
812
30721
3884
211
1
211
55596
242988
1
1601
4097
1
179
332
1
9
16071
2904
199512
35672
35672
35672
1
5560
7
3457
40
23
1
11
1255
167
487256
60248
1
2215
5287
88
0
31
41592
1
408
1
17
323385
1
6407
29
4962
44189
1
21
1
129
198205
1
2
2
32610
1
6621
1
1
4177
5
105
1
1
1274
773
250
5
97
100737
1
1690
37
1
1957
5
169
1
13
295617
1
0
64
102311
34008
1240
295
500440
152871
39
615
2072
0
2803
479492
1
385025
4
1
324
32708
1
83140
5435
169275
5435
3
27672
196609
0
2
19761
1
1
191320
24
1
279
8663
1
88
1112
1
10881
496807
1
28673
807
807
1
10840
88
88
10663
228135
1
88
7
1
103
4
194945
28932
3
260741
70823
595111
70823
1
1
673
167
353537
5287
856
1
7
2
189
2
1
17994
869
124929
1893
357
382309
0
5
380760
70823
1
1191
42151
1
253953
60248
60248
11096
2904
1191
1
1
10008
11096
49153
1
1
18519
2367
0
188911
1
22987
524289
3835
1
251
5371
59
0
17469
1
2497
1
22695
0
1
5461
344
1
25432
1
24
1
43337
1
18707
458753
70823
7
239
88
7
407615
88
39
7489
24
103
167
565927
1
1
5287
1
1
1
127143
243544
1
1
1
88
10407
1191
1
1
106759
14621
14621
1762
98
16129
1
376
1
279719
33624
1
15527
98305
33624
88
0
53375
0
170072
70823
1
937127
14168
262145
88
132952
60248
5287
944984
1
88
228519
5287
1
167
39
1
5144
24
1
12289
7
32535
60248
125784
70823
1
1
119
1
1749
49437
5
25
541
29
5090
8193
6429
98
157
413
7266
5
6769
1
450561
136037
1
88867
1
90113
39
2753
0
181
3
95
7
1025
7
39
129
428479
0
107841
31
15
3503
1279
5375
51968
1
1
1839
15
15
79
3585
1
3
143335
1
911099
49412
7931
0
8
1
2281
355160
453464
1191
1
1
177
251
4
180100
64068
31300
1
87227
1
196
516
1
251
638980
2555
27
3
0
61537
1
344
77144
167
0
195
35416
8615
8615
7768
88
7
111
39335
516519
3
605
1
168
0
113
7
152
10407
7768
3
176
7
6656
1
1
192
319
1
0
8
40
1
401576
2216
1
182440
168
1
0
232
29528
39
0
1
0
293245
0
23
98
47873
11421
1
873314
21346
2
0
9616
1762
6429
98
931938
11421
11421
21346
157
5121
1
2
1314
5
249
285
11746
1
13
57282
2333
5858
231709
1
0
1000845
39
7
7
7
247943
231559
30584
0
905
3
3795
1
369
95936
63
10943
0
1
5
22183
100327
7
25319
5287
49153
1
0
0
6487
24
1
345
1
19893
1762
1762
13
157
2049
11037
29
29
1
29
7709
5
122
26
5
1029
14050
166173
0
25
7
1119
1
5047
1
520193
24
280
39
7
199640
1
7
0
45937
410927
1
533
344
6311
24
0
259231
167
6145
39
88
1191
167
26456
1
50409
1
49
34
733
226
1
4066
753665
4066
4066
2
429
13
497985
1
2
928545
29541
1
200833
1
2
401
1
218
5
67978
101
2
1641
1
9329
1
241730
1
1
151553
198370
5
1
26325
1762
6429
1
1
1
4069
2
5
578
1762
2
17726
1
1
944610
34
2
2
23994
786433
1
4097
26
1
14
1
8153
86
2
169
269538
226
29
825890
34
216797
1
557
13
29282
1
1
26717
29
1
1
34
8193
2
185033
3641
57
1337
1
1
25
505
38
550
331777
6
6278
6
3350
15286
1
448897
1
88
3928
249857
1
4097
3
422285
1
0
1816
721752
1
167
1
48513
3
55
1
185
0
2
0
184479
1
167
27815
0
1919
1787
3
467
24
578727
1
2023
24
1601
1
80930
1
15
49
385
28673
1
2455
104
17409
10135
1
23
5448
24264
55
200
56520
51400
1847
72
1
55
7
560103
5287
529575
27480
32769
167
12120
1
3256
1191
273240
1
24
193
71000
5287
39
7
5767
191320
1
679
344
1
88
1624
1
493144
1624
1
215
32257
1
7720
8
136
40
3585
7383
8
871
0
41
7842
285
223970
1
6429
186653
13
1106
13
29
12589
85933
176210
4178
45
104749
184237
1
21
161
285
29
12514
1
106069
352710
1
1
22785
1
33793
388537
28089
60857
4678
57
6
57985
6
0
24
2
5377
3133
1
3064
294913
35101
227042
1
2049
2
3330
8193
61
1
35874
1
2
201
1762
1045789
19170
393217
5
12514
1
2
1721
6
4046
4097
1
1
1
67582
1
1406
894
129
1
1
15873
1
1694
10398
2206
5985
1
1078
846
277326
1
177
49
3249
853070
99406
31665
1102
1
2
489986
2333
226
0
8322
285
1
5402
32769
815973
1
101
4122
586981
13541
26
5
154
406874
27301
5466
677
114689
0
12389
0
1905
344
154625
679
39
468760
1
24
8
1
52119
7
20800
2367
8193
0
11
11
757444
1
1
1
363268
4
22715
260
4
52
1412
708228
446084
183940
1
3
253621
28932
27
321
3
180499
1
1
108596
251851
52
214836
1
5
138241
1
2
1185
1
6
10118
491521
4486
32769
262145
2
94481
63773
285
4097
1
226
8193
16385
98
34
2
18
8365
4269
12461
126802
2
2121
36409
1
25030
1
1
1246
38998
41
41
169
32598
854
3926
1
1193
1
555949
738
1762
1309
29
3101
285
34
184321
262145
63773
63773
1
285
210205
38173
1
15489
733
1
5
1361
1
135038
569
22073
6
25
2
105917
1
837591
39
88
1
39
24856
1
8
125041
1
516097
5976
39
198823
262145
31527
65537
295
5927
88
1
5186
16385
63773
738
31458
226
5
27685
29
15617
1
1762
1
850205
226
482
8221
2
753
285
29
1
12961
198370
2
2041
1
1
1
25745
0
797
6145
2
12817
1
4097
1
824121
88
70823
5287
98305
262145
7
437176
7
56
1
155495
192
1
0
29072
1
0
391
32423
1
148647
24
28167
263
1799
3847
7
647
3847
4344
3
305305
1
292615
775
83192
1
6919
1
2
61
6913
1762
6429
91874
1
1762
1
1
90
61057
2842
26
5
5
101
36481
17786
1
1
819834
183498
10
168618
1
1973
202
1
821
2
581
29
30977
689890
1
31005
285
1
4097
738
844514
226
1
1
1
15149
25030
1593
1
10409
86
3457
1
31913
854
169
1
36950
1
86
1
7169
8193
86
1
929
5
113858
29
75357
63773
722658
1
0
0
7
177
886872
423
1
88
14849
1240
39
11943
231
1
24
3736
408
65537
49560
1
0
14515
4
18884
36603
763
763
3
4965
1
0
256471
1
393217
59
3
0
83
763
1
507
4612
232964
1
59
123
1
251
1
36
4132
475
98779
1
25
1
1569
1
285
5
3089
4965
5
4737
3749
49153
165
677
439130
1
1
2
24921
1
26
23137
1
129685
198370
1
3042
25538
1
21
2018
1
5
37
5889
285
1
128450
61
61
50237
1
61
51261
2
385
1
61
1597
2
1
4327
1762
131073
132834
738
1
610
866
248674
1
29
2
901
108998
131073
6
8038
1
25
195545
1
524289
1
1
3590
390
1
6
1
4953
3705
274041
1657
24966
121
51321
130438
131073
1
6
2969
78
93262
2993
39857
29774
232369
29774
2
382
1990
6
60665
518
1
479481
34297
230905
34297
1
165369
165369
31238
1
1
769
1
34
5853
1
20189
58077
7458
32769
93
29
1698
34
29
29
2077
16354
131073
1
479202
24605
29
29
2
3785
1
2333
8193
98
1
494382
25030
1
713158
2
257
6
203857
1
6
671937
1
1529
950273
57
57
296441
6
8134
1
9
36761
1
40505
7737
6
769
505857
134
1025
0
120649
67298
984802
1
1721
0
12699
16385
1762
1
734637
15186
50349
458753
1
1313
65537
454
16385
1
13
18
0
1025
1
856
98305
1
100519
39
1
1043317
1
1
277
101
1
0
7
2
47901
1
98
129
157
156514
430946
1
65
1
2
60241
1
513
94209
0
1
3
11
65
214779
4
35
77212
1
3100
0
1
1
3651
8193
1762
16385
29
1
120605
1
65537
14621
6429
5
5
1306
5850
1
29861
218
1
11
7
87
0
8
414685
1
161
82
82
92077
1
82
1
30993
80722
1
954
48997
235365
26778
786433
1
5
3857
26
65562
1253
1
2093
1
66
1025
2333
29
1
2978
0
841125
70823
60248
256856
39
15640
24
2151
103
44135
1127
171111
1127
316519
8
1
21
1
36
1
647169
1
6657
27556
1
31652
301988
420
1
15
167
1
194
3841
29
2
125
29
1
2
40557
1
469277
1250
1
1
237
98
1
2
72861
86882
1
29
1565
738
34
1
493
1
283677
0
1
96309
325917
2
1
62531
0
11495
63
1
9632
2784
31
465760
1
280
3073
24
11672
96280
1
0
33
44703
543
16864
224
1
81071
1
262145
165167
1
501975
24
1
1
113
88
19928
34008
1
63
1
0
48968
1762
31005
1
738
79586
1
1
213
105414
6
86
1
49
1
0
641
1
43864
1
1
3007
397051
1
1
482
738
2
349
59393
1762
198370
2
256578
6429
2
2274
2333
1
2
33538
1762
226
1762
224994
29
1053
6429
620258
29
29
65
3585
1
2
314873
2
205
88833
1
104410
101530
1
2026
346
1701
20826
1
6208
1
1
5317
29
1
5250
226
5
5
1
237
250310
25030
942534
57
6
1
53
2753
167
1
7400
1
1
3
5416
1
13987
3
7
0
25
385
7229
0
59
1368
807
0
72121
131073
59711
1
99713
46720
1
18815
1
1087
18112
704
184321
524289
95551
2752
1
274213
1
512001
1
0
265625
70823
1
344
1191
3
1
18504
2904
24
0
414609
1
5287
5287
1
88
308737
1
2789
185511
1
23
1
9809
70823
1
1
39
40472
487
24
1
40984
1
24
1
27611
344
1
2904
775335
167
78680
1
1
235303
8
135
42840
1
24
1
20481
24
153063
30744
30744
487
24
0
237
1
29
1
10601
96541
29
2
114786
29
148194
226
226
2049
1
33685
1
5
25913
63773
1
1
13
1046637
1
797
1
1
98
1
34850
63773
29
1
1077
156102
1
116001
1
2
866
5986
174237
780445
1
1
1
157
2
237
691201
1
2813
1
869
1
660885
1
3842
1
0
18061
1
1
1
14792
152743
88
2008
8
215
39
91303
60248
344
1
65
27
11969
580
187
1723
1
1211
4
59457
4
4283
1
477048
70823
167
3
13
24
600
1
39
236824
595111
1
1
45
152
487
24
144129
88
3800
404312
5287
88
24
98055
5287
5287
344
1
5976
1
2311
471
23041
1
2519
1
4
3844
1028
713723
3067
3067
3067
37892
123
11
1
9
3825
1
23640
0
379215
763
763
1
44
348289
1
1507
4508
1
20892
134755
0
3
1
28834
1
743
1
167
24
154791
2904
1191
9383
7
1984
4097
98305
54976
0
16128
1
0
3
31487
3
1
2847
135428
7931
0
2050
226
20194
285
130333
1
1
1869
285
42722
1
1
1
66549
285
186082
2845
2845
1250
525538
29
2561
13
1682
1
1
1917
100637
63773
1
29085
1
1
963
18433
2
21
98
61
450
450
81469
450
51201
1
54273
66
769
2
193
4546
1
892866
32829
32706
66
2
382282
154
451073
101
22145
240410
87269
1
76677
10
74
513
223434
1
74
53
202
2
2186
1
2
37
40285
2
26
101
5
37
202049
1
13
2
3805
49153
917505
66
43330
1
1
116674
1986
10301
1
1085
1085
194
1
93
1
200
0
1
399
119040
2304
239872
1
1
3969
1
475137
1
127
206720
1
0
105215
2904
1
32769
1
103591
0
1339
1191
856
344
5799
856
492376
97447
1
1
21124
260
1
0
10799
289624
1
46247
18599
39
1
39
1
167
88
420353
1
8
1
49
1191
39
88
7
1
1731
88
4056
2904
62631
24
24
1
3783
419799
350248
88104
42967
1
16343
1
3
559791
0
4
104379
27
193
443
822852
443
1
2107
44356
29371
3
9
40961
487
1
350183
1
24
44519
24
24
10264
55271
579559
1
241505
209671
1
1
52472
1
34
1
772545
2
82826
101
237057
2458
613
58981
613
10
13221
302757
8538
220837
5
7077
5
1
0
32885
3641
454
24577
1
29977
1
1762
2333
79586
952605
738
38626
5405
1
29
6
1
18054
6
451329
89
1958
6233
6
6
17129
1
1
14
180897
1
14
88785
1710
1
1710
174
4097
1
307374
1
174
81
1198
1
81
1
81
349185
31918
1
1
8193
0
232749
1762
1762
285
226
1
4898
1
1
21
7
136
6184
7
7
758824
8
65
40407
455720
983
40
40
0
196149
39
1
227335
1
1
25655
167
41560
1
6849
11096
1191
62631
1
713
704
3776
704
192
2111
1855
7
0
266309
1762
1
106797
88
1
465
24
1
43239
1728
63
14143
1
31
63
1
1793
127
21248
0
0
397
6429
1
124111
226
1
1
166077
3641
1
169
4430
1
482286
1
14
129
2049
1
65537
174
603137
1
7342
1
1
1985
1
13697
1
1535
327681
0
61
28676
123
7035
11268
5115
24577
1
0
4
4
11265
118523
260
4
0
3
540
203
7681
564
459
4
35185
24628
40907
459
65995
1
1
1
0
777
2
1
0
79
3
995
113496
1
39841
3835
602372
78084
4356
4
165380
4
8812
49187
3
1
98
7
272023
518463
5824
0
31
1
16287
374400
1
7039
39296
6528
378495
99967
1
585473
255
4609
20991
1
22016
30208
1
31
1217
251167
1
32
31
1
0
95
0
68
3
211004
1
56
1
107761
344
512344
344
1191
56487
0
603489
5287
1
29351
1
39
0
24
1
24
14337
1
24
42497
344
167
2049
856
4097
39
1
152
3687
8193
0
422712
1
4309
0
1284
1
725883
1
1
85648
1
29
4449
6429
194845
0
121
216
35672
167
1002328
1
1
1604
260
3
324
27
14651
1467
68
68
5563
109252
1339
305860
315
4
193
1
1
1045
1
1
681
738
226
13026
1
29
1181
447330
2
2193
2
1
65
16385
34530
1
1821
252701
29
6941
29
18402
1
157
890881
1
866
6429
226
257025
2
29
25850
11514
103173
5
5
4097
56570
49925
5
161
1
1153
10
13441
10
1162
106
1
15722
941418
1386
1
5889
277
513
1258
19221
5354
155649
0
2
346909
2
930
5
19138
31005
1
337
510749
513250
226
1
322
17469
5
4993
26
154
5
2
809
1
1021
1
0
0
1009569
39
92888
6951
1
24
311399
1
9127
1
41
129
9383
0
2584
7
136360
167
1793
544344
912984
11864
545191
1
262145
423
0
1
5
5
61
2
1
13
2321
173
49325
1
7671
18146
1762
14621
214754
285
26909
226
18146
76573
1
1934
1
0
257493
344
167
257
88
1
22469
2904
24
6721
21671
0
70881
1
423
7
3840
5824
1
1345
104449
2367
264511
1
319
2367
1
1503
8
129
3841
53671
1
2679
40
1
8
0
50035
256856
856
24
2471
2904
50343
1
1
24577
1
437389
1
1
1
157
1
5597
369602
7229
1
21
7709
1
45794
226
32482
1
1
1
29
29
1122
866
866
283490
109725
29
669
1
93
1
2
1
898349
15186
13
1
249618
1
10257
1
57
45945
1
518
518
1
38280
194845
1
5242
884737
52378
26
485
75265
127258
1
5
90
10
142362
21
7210
1
195585
1
661
661
3733
1
12650
42
2305
1
4266
85
5761
1
239761
29
1
157501
1
1
1
96
1
2049
1762
55010
35101
1
58722
2
305
1
389
1478
966
60473
64569
2
677
5689
70
2
3042
98
2
805313
29541
5
130
1
1
1000
1
6777
0
4
164
14337
164
164
91
1444
1
32
233473
1
1537
67585
1
216
8193
32769
0
0
9549
3835
3835
1787
1
1
62465
11
11
4
11
1
360107
1
17236
475988
20
105729
20
2644
11
1
1
56
1
463905
40
87
168
1
1
21592
287143
1
0
2227
0
993
167
1
1
702536
1
13096
3799
1
0
31776
0
21
1953
5723
1
1
4
17
107211
3
4
14827
557057
1
76
1
505
1
15320
8
423
8
769
26625
471
215
919592
68567
40
1
16
181441
1
88
11265
60248
167
154279
1
3239
39
114625
2904
167
769
167
150529
7
0
3
945
99160
7
199
64088
3
339
3
19972
1
78084
1
216827
380667
52987
65537
12548
4
43
1
4193
557057
1
195585
92619
92619
92619
1
2585
73729
1
1
27
1
7
591
192
375488
1
63
134401
262145
1
257
96257
6975
63
2049
1
259551
1
509575
5287
0
0
335
26880
2304
122881
0
0
7464
3
4
417499
1
22936
34530
96541
1
226
226
28957
1
1762
29
21538
29
1
2
385
1
2
564647
1
375
1
8151
1
38135
39
39
15192
1
365
29
756545
4829
29
2
61057
454
4097
7737
1
32073
16206
49
6
241
433
114353
1
177
1
5
217
1
9
19521
1
1
0
0
9197
1
954
154
644097
10
53
60618
1
1
1061
6598
1
1537
344518
213446
569
1593
198
57
16326
569
6
94217
86
86
43094
1449
1
41
105
13846
1
1
1
1369
53249
51286
41
6
6
998
1
13494
1
8646
56889
7737
0
3
165
1
33
257
159517
1
2
5
125
304413
21730
1
29
4253
29
319586
160477
101666
29
1921
13021
1
290
14849
1762
1
502593
1762
45057
30434
100637
2333
1
28638
1
454
1
937
1
66
34
477
34
34
100386
733
1
7458
493277
1
59677
226
1309
98
157
5
31401
31005
0
3045
919266
285
645405
738
226
1053
5
469
37
1829
1
208421
507610
293
1
162
39
41729
34008
295
52007
1
99847
52472
3
13441
1
7
7
3
2052
1
59
315
4347
1
333841
1
4
28324
94468
260
421627
260
1787
3835
1
1
59
1
5
151
29528
5287
1
3915
1
388
4
260
8955
1
36
24833
1
720
7
0
4
125371
59
452
11
6529
1
7309
1762
226
797
1821
29
386
29
802
34
29
2
33
4253
3229
1
1
965
116450
50914
1762
147457
59106
1
739138
1762
0
872
285
285
1
613633
1
1
3533
14621
1
5
43782
1
1
1
25790
1
454
512569
1
9
220265
7094
1097
54
1
3905
40809
Time taken by the program: 1.0000000000 seconds
