322
544
58579
4655
113059
133071
671
59
135
242487
15
701772
12
135
1091
17186
14
14
122
165894
174266
179482
417
36219
0
222532
32948
0
0
67
1959
2535
3
4523
1
26
1550
1517
15547
3
771254
2998
1
1
19
108
0
1
5
116945
7
18
16151
123567
10663
3
26543
54579
841
73520
36
61837
413364
80208
28
0
136
4
2372
160944
59612
59877
665
1092
39
125
7713
64577
66669
13
65309
1041
1053
461
281
2389
210001
5
1062
89985
0
550652
13816
0
36
5
216403
2407
22867
0
40
21212
0
164
35
27
1
6
618
9
36065
78041
1
213
1
513674
3390
26026
6
761914
121
1
10715
9708
40
12220
0
0
7
66823
915
737
37
26593
411181
7
1
32477
212
1712
35981
111
1694
2
62
1
36
13860
48
23124
7900
29919
225899
1847
0
1820
2
44354
0
0
209606
122873
111535
103
735
8
0
52
620008
9068
0
5604
160
26
3966
182213
897
1
15691
1007
111
1331
739
283
12804
7076
15
7265
1701
9
3096
12388
492172
16
118
124281
60621
839848
0
409
4111
127747
1359
19
23314
22498
2478
14
15023
2
14
4534
1814
198
598
23106
984
572
209848
0
97
15269
122
32
4
48
2268
1352
441731
3
3
58
206
40850
13
87214
417334
13076
600
7145
825
9167
38
0
710
1595
7
15871
187
7
139
15
183855
101424
340
16538
277578
2
0
9900
41611
6503
25012
0
4
80
228267
1296
0
855
1
21
29
10341
386161
10
1658
62106
2402
42509
313
482789
2797
0
996
6
91042
221881
297
7669
3656
48
1147
311
475
6487
22
22
2050
7502
2
6
96
1300
248967
5583
4638
392
3180
16252
0
173
205
573
29726
23746
130710
54
2
270
13
38441
481193
1
1357
69
63
0
218
251486
1592
28
58424
56
7572
452751
626
134
1
1202
4
731136
2
38
482194
9
58
108109
1
2037
25289
2
4
403857
15177
94
7651
7279
1548
55
0
198486
7914
11230
20522
8
0
100
145040
265
3135
211
43
1
66285
333
0
56077
3757
1
1
1
874
0
0
161
113
177532
106680
41
14
1078
3
607
19
31
437
15289
22
1
0
2761
17233
5133
0
228
268340
292
686
0
117
685385
11177
21
13
215577
42397
1
259
87
1
5843
82
854
52815
1018682
2498
6
10234
198
1
49
24761
5
30721
768
12
1927
459
488090
0
996
12288
16543
116141
100289
11
710
7693
22
65377
261909
92
376
3075
82
16005
2409
117
19625
933
1
1285
15705
15
45618
2
85622
99
16
1
64685
12
281512
171
106082
10
118
6
138930
157501
164
8
43464
19572
128
4588
24
1916
334
17
3282
42778
839296
13531
46
114865
5
17
1
420265
21
917
37
1
5
707353
6286
11490
190
19394
2762
222
6
1923
162759
6
98
1890
0
29604
5942
10
54
0
1
500850
974
871437
68
75
1
703
3
55
156202
166
2292
1
63
3
634
2010
0
911
96339
399
75
327
465255
3
207
3
2
8974
301
185565
15321
27
55711
43
331
1
20286
107058
21106
40
389139
97
83534
42
3444
0
6
72830
0
56
0
1889
232
848
897692
0
1212
108
192
11
417639
51
26070
0
2728
84
1
0
450292
14
12817
1854
2
602
3694
18
1302
1
125693
1004329
297
62953
841941
185465
0
1
1536
1621
6425
505
1530
493
1
1
195485
13341
217
7973
1
68421
824
500
1
2
4446
10
90
51615
519766
68714
237240
0
75787
3
43
20183
147595
1
18
1
1
71
2
152
5799
3
693
1
3780
1
310
62
6
98
81
14565
3081
11165
1
16145
844805
13783
5275
2015
43
919
86327
15227
903
83
106
65514
6
5202
846
2042
3065
260
31992
5
1
1
4807
18827
27
95
873
1005
1225
101
13
1
1
595
10944
23697
73
77377
7413
2
31159
8
1024
91
208859
31
7
116931
3
7
35
143
15
82315
0
52
93
61089
685
73005
29
186960
7132
28044
14
5
12044
1
9412
1049
201
30905
301436
6247
2
6
23930
0
98404
7498
4
1
25292
0
4
0
115
79
19
15
447
929519
15
59
994
6238
10
243526
138
244
759
1997
6758
391366
13521
468477
388154
51374
0
20
12
386384
482458
222
2571
15
313
29
211193
5
1
7593
20
1
23
742
10
10
5382
888
228508
295
50713
10233
1081
113
176376
124
76200
4
233648
580548
51
15
298955
95
677
189576
368
188
1484
6540
11
130332
23102
58
118
2946
652097
2253
24
151520
4
24628
0
652268
12
2837
1
28005
36
105908
39652
5751
7565
1
217
4
6
6
93993
1
3172
0
0
4
168
526
8275
40523
32
416132
56
10520
819716
47879
349899
2391
950983
3394
318
3717
23441
209309
25
6247
8325
61832
1
48911
29303
11112
15620
0
16148
0
47292
0
28
24
249505
966
1
39
63358
0
1
5
872
31
8043
216674
149
32009
85
94241
181
1
108733
197
9288
12
39558
906
641
2157
3
3
15
0
24244
2
61
1
1
23
119383
3
1951
96
12740
96
5981
117735
7
25
21853
66
42726
117
2
4364
39200
0
616582
63
796
4320
28
0
295
3379
12671
3
470
2
66
190
3914
6
98
13
679
6
1698
216
2876
58156
217
216
6733
17
2885
155049
5764
0
96
76
235
313498
342822
509
3885
18
7
14
13226
905369
16
64
12948
0
100
123
21386
0
55532
49
1
33525
389
140145
769
61
1865
670
8162
267518
1
42189
0
559
15
67
51
1
13
11677
30981
33
1
14
1039
3
11
222759
19
478
2463
62253
15994
93998
23
43
43
39
701443
0
11
915811
7
5507
108596
152
3177
1
16528
13652
288
0
8
7184
1357
71633
58909
158
201
79293
25
215
791
24899
3
61
2
51265
156237
73
5
1361
817
1
216
807
77
17
8
4300
249040
18308
152
14157
438
190
6090
2
7
3267
84
403684
16
36
163
7
315
186263
539
117
1112
0
200645
2681
1
23
75
57
11529
15468
135
19
383
1
12
42976
188
2587
1
1026474
11594
182
698
198
1858
877502
3444
993
14366
1295
1
4949
3530
35
8708
0
92746
619
263343
1311
18287
92199
1
6965
154
12587
15
175
1
2169
7333
9
1
1537
1
11149
1
2198
817
2489
13
905
0
23
6771
39
0
2526
418
390
112778
306
78096
788
100340
4
329336
1160
48
2
62
58
1002
0
4
296
12
2834
1611
32547
559
55514
7757
1
7
251
64798
54
4206
28
480
402542
30
1614
0
52364
248
44537
2532
445341
433
145
13228
30
87
3
43
115
5303
828025
909
5
244225
5037
297
5621
757
138337
9
1217
53
439685
6354
348
132
336
0
737234
15
3
13220
0
484
32
15436
13
1
111688
45991
3
1379
1316
280382
1
9
30
2
38
0
23
30
323
14508
213
9
3
684
23
6483
84793
0
2
46302
8562
6
59855
83
29263
1
166681
6051
1686
2
54
102255
115
1
1
2
23787
1367
1987
1383
8
59
217
2686
18
834766
217
2725
73
101
64117
11
59516
1
0
420124
382464
23260
220562
1973
205
2
14
38466
121
3822
918377
39594
17192
0
74
14176
4
1
5197
1
1
0
92
2
2241
9
1737
4
3815
3
81396
232824
186324
10
13
2
168
592604
25
14301
104449
197
1586
114
6
25
1
188
104100
13176
6248
44
33432
15828
4
55
0
75
1
228350
111106
18
2046
31
30675
254
0
25776
2076
32
166131
138
0
2
6
680
1196
1116
0
0
3
19559
7299
1094
28934
6
2
14566
995138
674
1
197741
39657
1
200
52
199
485676
9
0
3
1375
10687
36
397063
831
495
19
883
12
198521
20
8
596
277
5
1
1957
58141
9
3
2
490
238
335
3
0
25558
1
1
9
14626
53
458397
194025
2421
1
29917
555241
48412
0
7668
15
3599
4
744
31
315
731476
172207
71
423067
121679
743306
6948
518408
364
1063
828299
7
203
41791
87247
6463
167603
4015
162
29542
6
213186
6358
11510
9334
2
43
2831
318059
9
1546
551
323
4367
1261
6641
189
872
127122
310
23574
2
26270
94954
2496
0
8008
269
64
10708
36976
510965
1
114933
5233
253
249
113
1869
8631
8327
35
431
11
11
29311
0
60
25626
40557
0
0
1960
0
340364
16
28853
249945
5
1
13
46781
13378
2
110986
186
1214
294829
66381
515221
30
434
491721
64
484
4391
635
30
12970
326
17
29309
3533
7449
473221
183889
128984
19944
0
1380
98156
26
15
7
15
10699
431
243
7
298955
7
283715
3599
3
2
54
12754
6
0
212779
2679
736
3613
112353
67973
19
151
3
357031
51
595
16
1360
319028
4
23
1563
10903
83
15
8323
15
91
1974
83962
30
225501
1809
93
11835
198
10
94
1340
247
1451
2351
967539
98
14
10
2
46594
59314
2
0
164
6904
711548
8
468
0
0
362
114505
205
679
3
363
699
8
0
967
213
0
49
273
1
1
2287
1882
30
26
0
168
0
8100
192
2
1
5876
3452
2
405734
81302
2
394
217162
4473
321
2435
270567
3
63
389
0
271
67
3
14149
25
1
94024
20
10855
1343
8
62389
7849
48
7
1
47274
6
13202
1
197003
12
1427
144770
32181
1
1205
53629
43952
3599
38271
3234
254546
1
0
384
0
312999
1607
2
166
70480
52
207510
217
11201
1
1
170816
276
6094
8513
2
542
7
256706
116714
3
203592
3
4095
1507
2654
22218
6
32
86260
25
6173
130530
6
22
2
204
16
242
276
8
15030
1160
114816
3
5026
15398
2
30
458780
8799
129532
14
1
542989
1790
1
456
308
83
192
1882
90594
14
0
873
2820
16
50644
25184
385
1
1416
276
3860
1352
18804
37887
0
4
7
112971
781983
788
357
29
49312
1981
65
0
17159
4
888
694923
447
44172
19344
0
62628
35
19
1541
195836
4
0
3636
26
1118
0
9048
27252
60
1906
22
2
10
1
461
841
279
2702
18
0
13
221441
8
1753
193514
573391
20
42431
194731
82137
0
10245
1
34
23417
61
3119
11379
49181
1294
6
73478
6
149623
43195
179858
2448
132
0
5
186
315870
1
16269
377227
15
4614
114706
6
7098
0
4
3
993
2482
1414
354
6
1426
984
1387
7
3625
28
0
44
7721
19
720791
261795
31
19
124547
19479
1322
6
150
1698
11670
44556
55
117096
61612
471839
6242
3
104934
28602
150
197591
6059
0
608397
36
104
12
5
21
9
1
3909
1
946301
12321
1397
133153
385
25
139265
4228
58448
32
507444
2
137
309
309
0
0
5501
94803
3
43
1603
3
7
7
194211
26
2
1727
37
30484
720
285
306
134
107810
158
26552
42007
136
205003
399
21
64745
28917
71
107
52
193613
74
0
164
1
745
1
29
53
18121
135941
14683
367
1
1
610
71766
463
127
11
28712
506824
4987
135
186
15699
55
148
68
1660
1
11
271
3
45695
4
708
0
24792
16
1892
113604
79440
28
3
26
47206
650
0
8
4
531944
200
2002
9
486676
1036
60712
446
1593
7205
273
1
401573
129
14
4
1628
17
881157
3713
1037
91849
69
89
3
72523
631
35
15
82431
19
5151
45604
89330
201
105
6637
177633
21
21670
46
330
5
25
10281
190122
26
93
380489
1741
263685
1
0
100
56
102
890
45461
1
7
3641
13
970745
211932
136784
2848
1707
178959
106
602
2772
168984
2088
4
9042
2
493
6
7
1347
643
7764
312
5742
34
194
34
48677
1003
457556
5851
106151
855
87
17
27167
195
30
10189
261937
2
54
200
108
3052
16
24
3
32098
14
19522
38790
122
827583
47659
3765
1
10
104
10399
43
23
21783
4754
15932
41920
60
74616
153
148893
7
0
33
37
64913
62685
19
183
2702
65697
65
3
118703
79
25
1
1
22
315639
31
54849
119076
27500
269932
7065
458
6
148162
2
4942
2643
19938
46830
12
16554
246
52426
190
0
99507
23
3307
13303
131269
8
14528
21
12462
1325
25
0
12
61257
909
13943
2695
976543
0
0
9980
23080
645
47
304390
53370
3438
11518
6274
306909
141005
3056
3
447
5035
10
1
16925
15009
42
169
187
136
36
25225
1774
0
45670
36230
498
50134
22378
852070
690
386
395
34
2
5
1
6693
28
12280
1719
279987
1791
129179
579
0
12
1
135139
291751
11
62
27333
19
6
2714
362
2346
31
243043
3
3
6111
142
2
102
0
122
8262
138
11030
127
3
30119
72299
128714
1
5
0
6
27540
308
24
4
41
415
3
127
405
1
1997
90
200700
27
166489
29
9
18
502
25610
119190
502
1113
449
1
42004
88
1
36477
29
267
363
294
125741
9
5637
20
3
12442
533
50261
15
173
190
50
0
27
943
56
84124
250140
91
14
58
220296
0
356
7552
32
11660
1152
220
21879
28
381
0
0
48
994768
6
282
9
5051
5061
1770
30399
228391
13249
31005
5801
660
960
3373
11
7
160
162761
0
5835
19
7743
43
1013
10792
9
91
3
6439
2128
4
5468
11848
5314
15
21843
26313
5752
97
1
6
10
398
128
822
12373
241
73
6
6
502
1
57
1
12556
0
596542
80675
129463
309
3817
237
3
9460
432
3
103896
17808
35
40167
3
28983
1530
1488
58740
16292
59084
7439
93331
5127
3703
3
787
1548
0
4
152976
187
13457
1
739
7363
1
17797
3968
0
12800
1630
210
78441
1593
89
13
5695
14691
2
1214
12
0
117079
20100
167465
0
629796
4
1435
48159
1
37
3423
21555
69479
3
63
0
164
4
179615
132667
42
77169
1293
46985
6
49808
88
288
1
14
101813
25
6341
57
109413
49
484917
4
53
6
5714
15219
87
1055
3
11
43
429298
0
276
144
96
0
51852
60
3632
88
434
149334
85884
19232
223
19
0
31
28731
104064
0
21147
1
88938
1
6
19
23
646
838
71534
114288
0
28
56
24
324
64
16
35
246
66642
3
1
3853
529
1
1
101
209
510
130
0
28
122
2
7742
117674
1262
18626
9120
6
66
17
71341
236
38036
1
1
13821
107
3
2147
234
35430
44167
475
19067
14
95974
197
28
506148
12
1
95469
235437
12041
1
169
1
200
28180
11752
77444
8
882492
98
5656
1
0
43095
362493
5650
28478
4050
510830
29889
2705
1
1257
553785
242
3238
6425
75313
33
0
424
0
2
403887
10855
2240
1956
8132
15644
0
1783
638283
1904
2031
83702
252
19136
7590
983370
65
141
1
599
203
1
125
1229
2
806
105
1
73
0
36
17216
128
657
42
158
0
24
67596
4
1656
3
54227
61
4
0
0
161
1
2260
664
211416
954
29055
107287
603
1491
122
2874
445
9
18
2
3854
838
9
197
1
6297
801
21
85
14649
1373
2
896334
3006
1778
338178
1339
23
298
28614
12626
7
730
6
68302
210
27
45
3426
29
533
2073
369381
2289
9
114769
23
6498
1
18
3654
18
14
252
180288
66
11
2
2654
3326
0
0
10
453
344393
6085
9
1
425918
832
692
4
220
1
2
11
6799
11
10
0
0
3490
136
5571
3263
1000640
5
22596
401902
3634
6
395962
1
3431
2
6
14137
1357
3177
3077
1
11
88560
12
29088
68
302103
1
472138
406
410
718
1310
782
2770
37600
1
11646
14
0
105411
26139
22527
964076
8
5382
87626
3512
9548
18785
218232
120
60
14712
3
23
187
3
2
5750
52290
2128
23
827
127
923
27543
1739
192551
0
3107
10087
1
93
78
2574
826
22
122
10
10
2453
1
25753
13
25
13
239556
47779
122579
127
15
7
9302
682
315
927
827
15
1651
846
19
171224
1664
191040
129
69
7
1899
202
38
2
106110
42841
0
174
18
98
2037
23393
1
207973
3745
89297
116
4
4
0
404
2931
48
0
1
245
407121
1
117
25
74
77
47756
0
88214
465
13733
97
7257
13
0
0
124
51863
28
17959
9
114541
10
846
1714
4326
3274
2
148489
4323
3
142995
274
18
446
3
0
991
28724
1128
4
69544
1908
97216
249
1
393
228005
1202
1554
6
8
636
30
0
7
420224
248
6517
11238
1
6789
705
479765
13004
130900
88770
31
39
3
3943
1
869
3
425167
11308
0
419
3
1
1701
0
904
9684
1396
510788
901
105
940
5
234776
1
42
30
0
0
3266
6345
523197
249
0
0
878069
138312
2404
276
6
16601
450
12138
2798
386
12402
23
1255
3
447
723
3257
4
9
0
1
20381
29
14669
6131
12670
18
876
31
103062
482
134
38403
7497
16
97300
0
0
49392
4404
0
935964
61628
17752
60929
11877
2567
60866
3246
52490
296685
2105
41
56
0
14
2
21806
2
294
210
30
5802
2006
8086
840
413894
116323
7
3
627
167
11600
20
249
194493
1
597477
389
0
4980
461837
113
416
0
9
405
4385
94
11902
258
454
118
1
2
966
26
0
0
22844
15636
4672
48
930
31737
80557
69569
47628
0
12
8
12
2316
962760
49
4
18547
206
7277
4062
55
257406
1930
229
7
10
14
390
12026
3383
2
80
200
11200
52
0
420
7
11
18
750
9541
309
225
191453
0
412
120024
492
181313
6934
2650
2958
10
0
356
2511
105659
105
5
1
10701
3163
822
1355
121386
686138
21372
1395
14708
396
80
12
4
244
15
43
16067
10391
22
10
110
2
26790
107774
54
98
2
7
556
5792
0
205140
66746
2
35
110
114
2
459
691
257
8328
5915
131
974
2
0
5
76259
3
1719
260
367
12797
11185
11
3494
48382
168
44
216
4
9200
0
4556
71192
407
6
7514
6
2
34
1054
2
669638
1394
0
420
272
26
14
250
23
11
1030663
152
0
19927
173
1030
71438
3650
254
3946
303405
625
52173
1
177073
1
1
0
3
2
58390
10
30
2730
590
20
8
3076
1236
20
126160
329996
28
782930
13343
53299
1
56
7
0
0
5480
150654
162
190
14794
197639
439
859763
367
27
1933
4337
185
45
121
51
7
27
6654
7890
178
7371
3
3647
1471
20
289240
4
171
559
1138
2769
3209
461
525
57
10
530
6
153
50942
32289
91910
241502
17058
1780
17
345
64853
14254
182513
1
24
737172
80276
288
18
24
7108
2496
12
137497
31712
0
47476
1300
99616
504300
1230
1924
66476
209
3229
3008
19580
1712
3436
52567
141411
842176
391
1
29240
218046
353
17061
42
482992
31228
176
4
227
787
104015
147
43039
915
60767
954
1946
72990
29850
29284
6
0
225
5
884
55
25841
16181
28036
22
16
8
31844
1396
19994
20
7
7846
15634
158
215089
0
43321
29
231069
9
3
2
7
709
836
167052
258775
102540
3
1
2413
32729
137801
7
4755
103
931
7
231
1
87
199224
5684
0
236
0
3
15
105318
194594
142
69
983066
10102
218
321048
31868
20
105248
15356
61192
0
4
168
4
0
192373
34025
25
23828
0
3
7
3
31
181531
2
39628
5359
6
2
15
58579
247
294067
296083
1471
15
50
42
6
2
2778
10
222
1
920721
0
269651
29
2
1722
350
841
83390
1504
548
0
25218
2002
594
606
1
374
2554
89
736
588
15531
1804
0
4
127
4232
12
48
465380
100
7
25495
1
3501
61405
9
1
54467
0
644
480
148
0
1664
4
3216
27
172871
23
55
227
7
63853
400
212
168
163
1
5
89682
146
1782
4271
3
74
3494
1002
0
118338
1
142881
55308
98693
568
25
5
6
98
3
12516
21899
16
99793
254
3989
1389
8
1
297
867
9415
764
124
0
792
12
90
62
26
173
25545
1337
307044
14
233166
58
495
0
248
2
10024
50923
55
131
98262
2
226
22
65
27621
8
29143
1318
113151
2
139070
829550
13920
21012
47
91583
4
7
540
68
951
0
42028
0
1795
1016
17080
1
549
30997
833
13949
223086
401
1295
211
7
28115
60591
75600
6
1
4
9
1105
29
54
96836
123
555
1
9
2039
193627
28264
444
2556
1708
344
4
6832
13005
272
66
194558
3092
0
56049
245
330961
52729
568965
66
626
12767
3978
13089
1182
3
191230
17769
54540
414980
230296
275
7
3347
23799
27
3759
907370
132
0
200
4
448
149
52
215
3
555
91
2
4939
102
23
74923
367
3
102567
29379
33431
2721
261
299
1653
14
2
14
39
34
11
817167
1051
3
1658
6
0
259940
1384
7828
1433
876
1886
16930
24
861974
12186
18499
24
2700
2920
1332
12944
4
390084
5
1
42
1617
6308
56
24980
476
10144
850
11397
73
510021
47
2
1889
998413
5
1
1
260405
11992
1640
8
154
17849
3557
1201
1
171161
31
675
359
3
4
0
13745
113
541
93
41
35
2891
0
0
9
818521
569
3
44510
2978
2
276
259640
52
0
8
0
71
35
39
97177
14126
730
6726
31
4771
1
1
2
5393
352
50372
30352
799
165
41
1
1509
17
61
1571
17
10
21758
0
8
51960
124
14
174
4910
95
598
969962
30
2565
1
52997
228
4184
25227
14906
1007
4286
47666
188469
6588
20
20
2285
80
655
11414
52531
44887
5
109
910
8068
12
112
20
64359
615551
278839
1174
37693
99822
114
41
13
0
616749
57296
23620
1758
18
6
122
342
19
0
0
936
8
484
31880
72
202
16
0
2612
4
0
1580
520
10964
0
875
15
302
218
12846
297
246173
5
225
4220
185336
412
52
118672
32
2191
975
157982
2025
2833
360
224
6552
2131
97
1
11290
13877
9
1957
103
43
211066
391226
52
41016
781
2852
4005
17273
27289
8691
788161
261
0
38264
1
2483
48
95924
56368
828
0
728
68
0
10960
3036
0
24
426
2
0
59
19
23
355
55591
841
8
12
88
65
16214
59326
126
782
745
0
71
403
10211
1622
1
1
463
13
29969
1
7369
961
13708
2456
6
321569
6578
54
8226
6
13735
8139
439
101836
336
312496
7665
2
378846
14273
5
429
118
118
18470
1190
0
12700
103687
430039
6067
239
0
3
838836
38476
60
73
9024
12
92
12
22088
1
15917
0
216648
64788
197264
63324
440
116856
341
5
5
90556
22653
19121
17971
1381
13
97373
49945
13
26
421
8377
1901
135
1323
12922
3210
12389
0
8251
700145
150188
4
457844
140
1
13
57
350853
28701
5
1
117733
0
40
217275
3
7
3
118
82
74
7434
71
15
11
7
6
26
5608
84411
7947
11
235
7083
133
16041
43
22063
71
24886
257118
9
981
1
4052
56
56514
3
1422
535
11
1
230085
51
292
8
2
37
765
1
23420
455956
13993
8
1112
436125
102
745
1
105661
1409
58121
109748
228508
872
1
9
36597
249
58345
25
405
5414
2
1102
0
5
189
161
377
4
6064
32
284941
177
11
1304
29847
39
1907
3
7
27658
240454
42
6
1162
13
18853
2
0
0
0
13
17
165
32400
2282
7
2851
2
2
398854
18125
247
82
618
1901
9
841
1
99173
10
74741
1
44092
43059
31428
8089
0
954
1646
10801
307
92500
96
2325
889
220781
283994
432039
30
2
288486
18
1114
486
283762
16
1
12
2589
182241
122057
0
10877
1
7
139
60
16
113
24770
281
16757
1173
12263
26
179038
1202
34662
2762
25
9435
59
1
11
1
56221
153
1617
13725
348490
14
10
1190
1
0
287015
995
401793
17
772545
1
8509
365397
25825
101
257
250
29
18421
113
253
14
754
0
3274
0
1140
29461
17
1
88
0
172
0
20265
13
874
62
50390
45
1
23
891
543
8659
62051
2367
1
741
34827
1231
132587
450
178
290078
109511
3
320731
13831
6867
1
454541
109
1
3
6
122
218
14474
37
4
32
309376
519957
57081
3288
6
2
6
6746
1631
2815
30387
63027
0
7
111
795204
8
504
480
300
28
114
34
3058
14
58757
30729
397
31649
133
89457
10789
3441
45
6589
1
7613
911298
134
12790
10
16093
41
29
691357
153208
4052
462928
14
25
129
5253
74
248607
2023
20075
47
1
9
5
119857
50
1
1125
9593
21705
7293
309948
39312
80297
84
3132
1
28
56
4
0
261499
63
211
6
1314
249222
3
13648
72
0
563
304
328
157380
887
467
276
170
1
6
410
126038
122
29590
10
2344
0
1804
672
0
12
2080
9
5
3
2
77238
1398
2
1
72
58168
6450
109377
43765
27698
6
5698
46
910
35
2
1701
548827
83295
1
127
4
26024
100
36373
40
44
844792
3460
880
4
24
1
4
8
103815
1297
1
49130
0
55114
3834
50870
6658
1
8
407
33716
5218
496033
14221
217905
13
4201
1158
2
1978
0
7
3
12
13631
24
1928
100169
98194
43354
3
54
130794
768042
24
41329
453
1842
6
89198
2
38
109338
486
223971
231
48941
272093
7376
277900
117
3865
408
64547
105971
481296
0
10692
3
39
0
16564
0
3
423
108359
3
167
22
2783
56451
32063
1583
4571
751
0
3453
7
6803
61060
165352
2500
24
148
816
0
2468
120
391
9747
67923
3
10
132090
1869
30
4
8
3145
41213
13513
5817
1
69
17
893
5513
421
826136
3949
1845
53
1
2873
161
318098
670
15626
14
210
151
123
628
98866
389814
140822
125620
690
2826
30
1
364
1
1
46013
225989
84377
13
585
1699
39
1751
753191
417850
6
0
120
4
0
57544
4
216656
125948
0
4
610507
1
121
1397
11109
99760
140293
137
5
397
97
1
2
110
90090
36
6
0
219020
3
15
431
9
36940
69
1
121
112423
11
431034
9
1
765
30543
84
1835
59583
10
0
124
15
1
278877
9
2
94
6686
3
1799
3
21
267
511
321
5
245129
6572
1734
618
46
186
3510
57005
53511
123672
192940
40
1204
196
688
569644
140913
17853
157
50469
316293
496
3
7226
3574
34
233880
3347
12
15152
49317
1
17992
42
196846
138
62506
976030
4558
8058
3866
6
1960
0
116282
574
128654
21690
11
42315
75
1
271073
218
23
560783
6431
9187
864470
472205
1
14984
0
1
5
4776
238
4927
9027
511
20430
51710
41
9
15389
109
0
7
851
23
47139
12839
17
6513
1
51
51
19891
54
434
151894
308330
462
123186
277166
7726
10454
10
25381
64
2522
2847
2
2
124052
9
1089
7153
636087
194
0
236
448
7228
273
230409
756
703696
45986
121206
0
0
393
5
6085
32176
540
13439
300573
1
0
4
99076
0
2532
2
4546
4242
797
206442
1
53
29205
0
51
11
3
994496
900
0
108991
12771
399
0
9704
13100
6879
11
0
15083
7
3
219167
29
3
155
95
10767
55483
122282
12
30
210
1
171000
7
193363
927
35
1215
12461
1
3
54
128539
31
139163
0
180996
0
663
7755
7
467
11455
1523
181631
7
11977
247900
25
123714
14
2
8
20344
4
1
0
307
4583
581859
11
109787
7
846
230841
0
43
9123
3420
5
52
828
1424
78379
19277
242
203
111612
245
1594
1359
184723
56647
65699
3415
5279
163
39
3
8
9628
122396
5
0
92
56
3
256864
121811
3131
15087
15
3291
1
668
5137
20617
15556
508064
7428
4
680
28
80
7955
152
5555
98023
3
0
16
3947
467
68759
423
1
2069
221
8
656
17
85
0
88
0
2988
1
180
141648
1961
70026
401
9
1
5
121
1
77
441
117
186
11763
10
519
58306
28145
5
112901
634
31334
9
181
2817
413
408706
69
777
105
334
9468
256
209
165
72
1448
2
70034
162
129462
2
60414
145
58
29
252621
6
1
341
8849
3141
9186
134
86
217463
5903
984
4
125
20424
1
5
105
5
4
125
785
66
6
353338
2138
5
68476
287448
104
312
291
1
1890
5
30233
3093
641
155669
66561
1
1945
261
0
0
1
1
1629
7492
3840
239
74176
11
8231
6387
235
7
331
508
51604
0
0
0
12
4
16
1340
3
21
0
568
13
1
249689
31
51
0
15
3
121059
1835
3
1472
415
31
196701
30584
86
1550
2
334
31
3
27
511903
82
25785
5
185
13
15513
112
5364
631
155
894
110
0
8
14955
3
7607
11
7072
2303
15
3
2
485746
1
1669
1841
11
57
1033
129830
890
19
59395
12
0
1533
326145
89893
965
1
761
5
1074
3267
31903
9
12
1412
1496
56504
193260
1539
3
4074
925531
121233
374273
1461
6325
97
236427
23221
113
989
1
1
1
2277
4
23288
44
232
21716
1704
0
33571
62663
3
127
709562
14977
221
1
61
8782
115922
0
53255
11
318
1860
168
254492
155109
42
4190
2
13204
3
528759
31522
134
3994
92
5072
876
22328
500
3
31
0
0
14
2
168
3
1
106781
57
187461
1
28
52
40952
64648
4044
74
359310
2
38
907
10267
1
0
14057
17677
29
7
420
88304
0
903
84235
31255
57027
51
3
3239
64036
3
7
453649
292
0
22860
7
238
11
255
2735
26939
14839
911635
1
501
2936
0
100
3
3607
3523
63
379
1076
195
0
145
7328
849380
3
87
2
11846
13
159815
1079
13207
101
960
7940
0
7
143
28004
26778
2
6932
536
1596
46
285
100
118872
435088
10644
3799
10051
209923
697075
6
1570
108750
410
0
48555
59
671
894
425026
318
450
3
15462
11151
0
3881
3157
14753
209
45
225
2258
702517
1
34725
365661
2262
1514
60858
3
2130
64469
1
31167
33727
83
1464
348
4388
12384
2304
1019052
9970
1
36457
725
98965
20225
24913
38570
10318
32302
15630
122
1370
134826
521
4
11
1195
916151
103971
25879
8771
451
5748
20289
407944
7
55
23530
6
0
0
55655
26155
653303
2
65862
0
612
4
0
907372
8
148
267416
27517
15
9899
967
635
55
237
753
474797
15245
42
7918
818
864914
214
31
1
6
230
123602
16242
3
62375
468499
131
343719
51
44703
7
41987
767
77
1
1847
59
6
2050
2
382477
69
277
29
65
1
5865
14
2
119
151
14487
514903
24
3232
1904
860
27
737
233189
2
15374
24
898460
464
0
6188
170
637
113
190446
990526
241
1728
13
22
5
7081
325
12177
52913
7739
171
2025
0
261
20
0
36
0
39
2
0
8028
43660
4
245
30
56042
65450
774
26
6
26674
478
18958
14
124
55
24799
187455
449682
2
9838
15370
9990
1
6637
49
60496
1824
1799
18059
3
3
17589
183
374
578
127458
250
2
7
101899
59127
370752
228
28768
260
59715
1127
0
206884
4
784199
43348
15
1439
84
469
12
3232
2
16
3540
48949
214
14678
55
647
7399
3791
31304
21460
1
10
1
11677
240
948432
491
64013
1
2460
601493
12
7274
3117
25
1
56521
53
0
468
2
213661
1637
0
72
8948
2120
228
0
0
176074
37
98
2598
106
14
30
5
18587
3150
223954
2814
10554
950
63
3
19475
327
211940
8
40
4880
7484
47
307
65
141596
13599
15651
2955
7
83
43
11491
384311
48
25
3120
108
1045
6
327
11
20368
43
764
15249
1
471
1
25240
130858
2
108790
7073
1
93
473
4090
3487
2987
111
111
1
1
280
0
12
0
9
62585
1013
10
5658
458
160990
7
10113
132213
8481
429
105
27989
331838
1698
2620
0
933
3915
28
32
3444
1632
31012
4152
0
720
4
1729
47107
28807
2819
11
3023
6590
850
46918
1883
436520
108
7200
0
12
12
0
12
11176
44
1303
7227
3
10
248
12
1207
1979
5
7929
50
866
487078
26
0
1048481
74019
2267
103
0
20
331136
13835
23
6071
0
32
0
13252
328
487
19
20
280676
7269
96777
7
11
359
14327
39
166765
46561
64305
432
11490
930274
270
0
118989
15105
72
244
509
1
189
264
3
103
43
486
73690
2966
1
359
73
3029
15
255
11
518
40
4
1099
359
23609
8157
1
2
2
358
6
1914
1750
202
1386
2
2
6793
7051
30
39452
352
243
1987
29780
3227
190
588845
112013
115897
40217
1
232402
385878
527780
15812
49576
15134
13240
139519
27
731
426673
445461
1
1
715752
804
0
4371
3
179
88607
181
9180
4012
112
11
11
1819
0
1372
82
12278
114
1
55197
45
16
9628
104
0
485233
2868
72628
64696
20839
1
38
350
93878
37834
366
134377
149
213
120
20852
0
76
1
3
3629
5830
261
42193
937
181
91489
2285
13
2953
62485
6
317
72793
29973
457
108066
6
58
4030
3000
39036
17564
1836
8
4
24
4
4901
41
43
22715
231
7
10
6
734
0
20
56
310
3904
324
0
4433
6
5325
1230
7466
622023
114859
899052
2119
91
487
303915
8039
1
1
7973
22618
10
6
242122
202
28212
5
4
4760
498
6725
6738
22609
1
12
0
14
14034
3
593415
43304
5
1361
1
5
251992
121
3351
11119
32748
5583
227
98
6
59082
310
18457
518021
6
3
51759
26585
493
1
5393
8742
238
414
37522
4
1151
27
2
207
1323
57
345968
16
5
10296
3052
0
252
0
2148
4
109
3765
458981
94
14
724
696
21800
244
456655
1
112473
2942
418
2
3110
3914
0
49
102589
4304
25
1
717
9389
41041
776933
20469
750
1554
2830
2
18
14
139625
1402
26750
16269
759649
28222
1
69
894
120594
14
2529
42
14
82266
10
7
19
1
196197
12785
227785
1
1042213
1
173
31213
315
118
734
968
3
121722
10090
509
955
9
2082
543065
13
5225
31
1
13321
35
23
2
14471
2
512422
338
14
792
3
703
1
664152
0
101876
800
133
10
3190
114
122681
23445
5849
5
21
105
74121
125
31526
75
3
14825
216560
0
9
52502
10
464
6170
10
270
2049
1
52
3859
2
3366
461382
9178
1469
18030
558642
358
31353
43309
4445
21
7074
123
15
24
56
0
11500
20
0
13796
250710
76314
23
3
15969
1
4586
106
2
6
886
162
83745
102645
10
24526
0
664968
116
17
62220
18
75
72247
1682
43
110146
6854
2
250
2126
2
368886
1226
121309
1
1005
2
5
25
10557
3513
5925
1
9
5
393
53
844761
37
469817
365
821
862
2
18090
758
350
0
104
0
5273
154838
2
517
167393
932
532
48
14
55785
6301
5109
56
0
0
0
15334
3338
66308
0
4
316227
251894
2489
27
28750
34
57562
39505
0
22
2
605418
130
3336
17244
80222
36243
77778
3446
122
210
1990
65722
77
174729
107
94
643
124184
16393
216
0
8
201814
216
9
3037
1091
4
3
42
520586
625
23773
105
10561
921
17
117361
2343
15
323
7
51182
13786
30395
1
22101
92369
765
651337
2233
105
1897
234
3
8834
1159
12363
64
137837
98929
4849
1
584
177508
303768
68
28
4
1222
46789
1
2231
0
0
247748
8
627
643329
289
13
62
12101
9
6281
29
285
1
967
3
7
390507
52683
22903
1
197
146432
959344
60
0
1863
1939
335
475
25351
51
6511
192
100
0
0
128
12
32410
1
11777
9068
7
26
22
4130
2
43311
224736
130420
370336
1
1
3089
356
30787
591
207
97776
212
80
76
25256
0
7
69255
6714
6
13929
1
9
12
31
3
116
1033924
20
10
173
33
3505
7925
422
5002
48981
45961
20537
11685
5
825
37
428
23909
0
28
624328
860180
93472
0
28
54
7446
5515
9998
39
99531
171375
5791
24857
1148
1649
8
64
1
3649
37
57
229
29
61
255761
87949
51593
617
5
22624
12
61192
596
124217
13
27096
40
253760
30712
9133
30281
1
29
39881
126
3794
370
311757
27081
637
1131
13087
3
7
399
8123
237981
545
49
289517
6
1974
2
12846
80862
186995
90
42
36660
27
196
45528
360
27
2483
107
3
70359
15
7
306
37
2021
1
35746
832
525583
16234
63028
127
13461
1
162037
705
201
125953
262093
57
1
676541
1
7
92
308
26837
4928
0
52
7022
17660
118456
45
13137
983
899074
6
2
9
775
507
22055
1042543
23363
7
286143
7635
7647
3
123
1743
27
743
1947
0
940
155
13770
382
62
13788
0
12
8
435
25435
962
20476
353
3956
1448
2092
497
11
65687
503563
17
309
9369
2205
159
163
1
4
8399
5423
167098
79167
33812
36212
2
661
9
1225
21
73
1
5
6664
162
405190
50751
506
7742
798
74
0
12
56347
1
106
2
41
62589
1
13062
39
4739
58855
0
6
2
390
516194
11022
2
1
8004
9
2652
218
14
11002
4
47
3
7
2037
2504
228
7
56
52182
9802
4618
50
28
1180
0
305
1
5
100097
5
0
100
161064
76867
9431
511
866715
567332
28
592
7008
0
3698
234690
110
505854
42
42
3742
24253
125
82281
10573
151065
5789
1
13465
74275
1
4
62997
16900
6000
85836
48
0
204
7325
13
81
1034
59
5795
142527
76
451120
1616
3868
124
142034
69
9
27861
103264
244
32
12
0
316
4
867892
8120
2
165086
329038
880394
61398
2
2
1530
38
117466
44041
2013
1
28
30
62
2
1
57397
81
40298
1422
255
223338
0
3
280267
452347
136831
390
252578
2118
253490
6424
3032
7324
587
4087
51
15
40663
4475
205191
3
2
290
1690
14
465195
2
13738
299764
8812
6864
87
39891
3
1
24741
17
1437
572
6467
2
1
12301
465
179
32422
10
10
0
253703
3
21611
71293
576274
6
254
42
2
25934
10
5
155306
10
400
226
640122
130182
11842
12222
2166
1245
761
88765
158552
35429
63497
1004
120
60460
3992
1188
1
142854
15478
14071
5259
7
20653
0
1588
736
509049
355913
27893
11444
271664
205420
78
2
29430
2
166350
33097
414
175825
16521
870553
57
203026
111158
2747
79195
38071
5
141769
425
6090
238
10
923
4155
55
15
2795
7
184027
43855
153975
105179
102
4
180
1
359
247211
7
59
1019
60
5824
7996
4987
87
31
2084
3716
2
8131
6810
941270
63119
0
30717
689
69285
5
2849
1
1790
0
92
0
448
5
125
2097
247216
26
74558
26
10
3090
4778
1215
26499
1023
11
1259
11
0
403
20683
5
0
229710
971
647987
116351
7435
1
5
1
2280
254326
194819
130
510
2
46
24
28
76440
54164
15507
114
11446
2
190
1284
72
88
575140
10366
2
2
6
255641
2562
357
772391
91
1
179
49175
4819
30943
6635
167
3
183
124583
301843
3
551
0
12
0
52
7
27
11767
1715
3
128
3
57567
4611
67
623
267
6723
1
8
83
91
497107
743
1259
85943
1043
3
5
52
63480
11
1
1
0
302917
1
34
38
1988
20781
52913
246953
12941
10
0
8212
15708
2551
122
263608
8721
24349
41993
53
6646
210
5
627
6
7
158
37150
386
14
11890
2354
5661
257601
2
1
672541
1
1
225
101
193269
60583
4538
2
1502
2
3154
3
1680
117788
40
6212
0
0
43
12195
237368
13
48533
14233
1333
204
0
4
2216
0
0
228
3
2568
127515
31
11
123
95529
756269
6
42
62
167
22347
7
89
7
2
2217
55853
410835
1
34
5
2495
1
2953
173
724841
53
188
44
3
251851
57508
4
8
2036
476783
0
97
485
4313
25
6
92349
325
4681
13
115
249
53
81297
1
1051
4
76
21
1736
145
185
7748
711139
56113
16356
0
1584
28
730976
4750
3
429111
5851
63
183564
5991
3
279
7
218
3
253502
60
0
104
8
16348
0
93582
142018
95
216300
82751
7
1
14861
1571
14952
0
4
0
3548
12
0
6385
8996
2
31281
10445
0
440824
46
25
4
239488
303229
3617
3449
33
0
8
0
14260
94
2
22
9394
45
45
221237
0
158488
3
602
14
26569
21
33
428506
10
29
17
1020
6780
1
508461
1629
27
2571
65035
7199
2
311
107
1735
78916
8
24268
8
4428
6429
1
107881
384697
45
3137
1042397
757
2873
1
347014
746
6
345
770481
53
1685
1
27725
1
61
1
445
0
59
3
204815
25827
135
7171
1
505
1875
2
226
54
146882
165268
3672
12
3544
1
58909
1
13
41
701
17352
443
7159
323
25559
64711
15
31
59491
54822
58
394
41754
85129
597
85
229
17
13
899748
3220
80296
5068
9544
432
10548
0
2104
3036
244238
32
15
60
15072
14780
17
4
39928
50879
495
5147
79
25
1340
1049
1757
785721
707
7
391
25923
1711
6515
2
98
14
10034
7622
13
2257
0
22
1531
455
439837
609375
4259
211599
4
3422
2
2
27327
166403
32435
7337
124
108251
192664
0
30
194
743
43
14295
3
92831
515251
206
174
8482
2
34304
271154
4857
246801
106
2
8
162558
5
0
235
23
3101
2145
1
2694
314154
124544
493284
392
500
22
2682
10750
46
30
356
34372
3
876
8048
238436
33712
730068
4
9516
1372
0
1212
4
2604
3804
40964
52723
15
110987
59
294
685
270
274
238
15530
10
61
29775
6671
11443
3
1404
972
409456
2018
781
102
3498
622246
421680
42291
4184
0
2
115165
1945
41
1
35594
699
3
2839
73579
398538
358
120
1883
713883
117518
30
14
545
423621
13969
390925
1310
132994
0
59763
1
789
161
354517
297
13
74661
489
25
5
0
9604
2
3758
1818
15633
1
24
4
307043
12144
7028
237
353041
39
1350
1218
14
98
12646
864261
262817
199777
1062
3
487260
49813
25
125
5
232429
5745
829
191048
40820
56
118148
0
252
84668
41717
12
1504
0
28
6514
408633
5765
111224
147452
3
123131
33747
1695
739
4127
484
152
63652
102
10
6
45
30189
221
5413
71745
3
921
175728
91812
50516
6
1
2989
68999
50
127
787
28527
171
533
0
2024
1
728886
926
1055
14476
16
9423
303
63
136171
609399
147155
28863
1802
181
109241
43533
24
25468
1021
11
3
1815
2
473111
279
4135
7
7
2
22878
1
563113
19
567
117
30
8458
1050
3
110579
907
351095
4666
46
221695
1029274
234
49834
214
4674
126
1
14938
28223
55603
1005
20756
223
6
55402
10
638
2046
207392
453636
681364
85
344
8816
12
3597
840
12
0
15164
40428
7
1448
2444
89
1
482153
1
1445
5601
0
4384
332
4135
1
208098
143
109963
26165
75973
122089
12
404322
27
23
3
455399
327
170
14
233521
1
5
505
98949
577
152853
21
44201
365
1245
3001
85
1825
865
2097
1
348741
17
303860
1876
53884
47040
20308
1
14
34
551
48123
6535
64139
24382
2418
12
0
103
49191
6390
17
13
15
6
18127
64651
3184
0
608044
109708
28
241672
39
3675
366
74
1110
2
339
87
6611
150231
39187
24024
97
792
1244
176
452084
378
94
370
2
26114
256178
614
2
12638
58
10034
26744
53549
3530
94
46
97377
41485
106
35
975
4555
109
1
653
4
28280
44
1029489
103545
411500
2
0
4
8
97
920081
2205
177
23
17947
28487
19
99487
155
391
99
1191
6192
47532
33616
15876
1
128766
10
47861
4469
488
1096
0
32444
333
3
213535
6447
84347
9
0
2
123
11983
41702
658
22094
259806
116055
36
107
2
169
59
127
7203
261
45848
4
448
1
1229
1081
374
2
5910
58370
7
5675
2935
24155
267
1272
403916
3424
8620
7
74611
7
11
22583
3
237548
52535
20
5670
29363
2
6
8082
9
5
41
8309
1217
29
80733
225
25
4629
2657
925
1433
18
123
483
143
6561
48
1
3476
25092
221939
197095
794
71
2443
1766
151350
18103
27
3
831
87732
127051
15
4307
95
23
143
57931
1007899
24218
22
7074
535
269
105
21
1110
2609
110861
589
66992
436
32940
55565
28061
11
3
1547
39
211835
3979
94903
183331
117607
28203
1
164
24
60
5623
1975
59
164062
37391
290670
60890
16122
310911
101713
24905
0
0
1677
161
2
3574
34
30977
108613
2025
57484
69
9
1725
1
117
143
2979
11631
345311
218
62354
9674
9
49
5
3233
9537
2908
11904
44
3
409583
4895
22163
235499
3
180
5
83546
113
45
591269
239509
3392
90816
4
4897
246774
58
56305
24962
6
42050
9809
757
6067
23
743
241492
191
1055
1
21289
13893
184541
0
2616
0
10524
51944
1972
0
734864
359081
24512
293688
0
14360
477963
823
479329
0
4
96
1
237
621
676
114084
69
105145
5
1
359375
1
0
214
105
1
1
34
12
55783
1
37
401
1141
314965
50653
1
40
25
8
1757
78
402
168998
0
0
3
58
246
41110
2
21
779844
56
1436
2
0
0
1964
16432
3948
50104
65
37
235157
161
18205
50017
430
2
21
170
5390
103
22119
471
0
4
45
205
1
37
461273
2
163
399
7766
16899
27703
148
7
28726
67698
6
330
92686
131976
26604
180046
2258
6
3802
122
936609
3056
0
2020
1
121
1516
7218
22
2
3638
0
531723
15215
54827
321627
59
6718
1
2340
384
7220
1447
129435
162
511818
5
2
11
31
322
7623
647171
125
28914
3510
1666
16558
165426
253
1
72
6278
0
135
2700
15696
13
17
13
29
9
53741
52
22893
2045
97
0
140
64
1
27
60909
32025
5573
42
1486
346
23
3
461
30
359238
0
0
115348
606776
20
0
11485
5
39869
85
25
2469
6485
13
1027217
5
504
7604
24
147772
118944
0
20
61
28861
813
30057
101
1
107772
3484
897064
510737
0
477684
16
1
1
61
56
32524
48255
3
39
3
1
101609
40805
22601
5745
293
27825
5
2
158
547645
14
7077
9
53
1
37
8207
10403
12591
19
3
11111
477276
184083
1
185
2630
2
954
100390
14685
203629
15
175218
3923
14
5498
2509
1
3
45967
61355
183
1447
484171
7
500
51487
261854
1
7
299
44903
3
3
494924
0
228
65945
4
180981
80481
13
1017
7173
1337
15989
1
185101
255814
2
15334
10
0
55691
191
6
5
1
1369
10181
820
753320
6
10
0
5
137
87
3
2903
789
64
0
1156
1
96674
1
1
1
5
935
26754
1
13
905
713
1
84690
255321
60520
3
855098
55222
9234
32454
2
1498
24094
329
41428
461704
200835
4527
3
431071
1725
392828
728
0
301876
408573
1
553
66
1
2
468762
7917
18
6
640
76383
14571
31136
10
89
504847
1
3702
266408
4
32
0
73124
47956
32
1520
35
38867
347
430
26
101502
1699
7
1
53413
373
24
15728
563908
320
46456
114
22
430574
5
249
8327
219
13
30
3490
5
5933
31065
23144
420
1592
0
416
121
1
0
22884
235776
85
8
10636
112
882500
383
239
690
6
106912
1856
0
621
26301
2641
1583
15
93507
143
979
6
2
10
26
22612
6392
7
3
45863
577886
14
205258
0
55
311
2442
251538
751338
649646
123474
6202
686
2
253
458502
0
1759
463
6907
1
633394
2
2687
3
1
128163
5769
1752
4
12856
110145
69
4263
13
174
10
129837
194089
437
3
183
19
26733
991
126
3780
548
1272
35
53103
31
30792
0
91879
173273
253
1
1
45
323
71
3
147007
166674
470
0
12
290
1874
62
15309
25
4974
468375
171
71
30
138607
11281
7524
325
484
4558
1
950
10
10918
1586
3531
2
102
3098
83
546966
3354
14302
3450
9662
78
14
0
8
9760
32
41457
1
432622
786
683
7
59
48741
0
1999
10451
1967
24793
17773
1
3
1
25845
1
38409
169076
336
10
133134
802
4866
13494
2
1045
2691
446997
2797
8
15198
575
3
3
4951
3
3
551
219352
3914
0
1342
130
29633
897
665181
0
12
3896
376
245028
4848
44
0
90396
39
29299
475
1706
3285
366811
38
59178
6
1634
79
1
1021
210529
173645
9
30341
5
1
1068
1348
0
15
75
143
1307
1749
75394
1613
88028
808
378148
94
447
19
47
15289
5801
409237
77797
28457
27
7
401643
219
110608
21
46286
693
120217
5
75697
21
57
68
166784
194666
31
291
168
4
1801
615
6
42
53606
2
74
86
0
56
46932
41396
5
21
585
74773
479336
76
43832
972
6812
40648
1646
13125
161
429
361
141
1
37
1
45
5
9
421
19969
509
170755
189251
19
1679
1371
407860
755
1351
63479
35
1
82397
3580
72
61960
10797
195936
0
3908
1809
1956
185
5931
1887
87381
15551
1
1
236837
36
2
4
14612
337001
256
57303
7222
50
30
50
50
210
61
162207
778
7
0
1180
915
115
103
7
3
3220
20
5552
17232
28243
47
31
15
2731
257985
509826
184286
39250
1243
13758
13942
2
640261
0
15
114494
10
388
4043
268314
317
33
798
472577
146613
3
36
223072
212
1919
94111
656
116
39507
71
7379
379
28191
814667
31
110535
149780
466392
173462
239901
1
9
23
987250
3
91652
220
20544
941
636
42960
508
8
9304
184217
5341
855417
21
2321
8
1
1
32365
319
574
25669
1
64295
617675
66006
1858
144550
234818
820
40687
5079
0
3
7
11
31646
1
33645
480
26407
6350
4
7
31432
17904
4347
21
154318
109
1
177768
644
160
21435
143
12127
6439
956676
1624
8024
35
1887
32
68
44
168
522003
32599
12283
413
8582
0
118124
13747
25559
272
148
1
31069
1
1
45
5
21
2348
1
124
570510
9
77
196955
427135
955
43
59
3
393503
27
31
372700
1372
5
170312
24
251209
21
2129
34938
1977
47117
1
5629
41
124579
103
8
3483
516
1
0
273372
915
1
12717
13
1
293
28
6
71326
1840
20
196422
16011
31
101
104
41716
79
257199
179
1
429
1390
0
98788
68
751
1
266077
1017
2
189
7289
4
471972
95
3
214
3572
6328
169944
452
1029912
33756
1990
9802
19
2758
5
72401
1
2360
1047960
1
57
21414
69
59532
2035
4911
22107
875
2
25
1
3773
7753
360
4
0
6
482
34
5590
97
86
5
11153
21873
36893
210
231645
175
23
1
0
357
4
0
1
176
3
1152
103411
0
18076
12360
593994
32527
2943
68
57760
3
2215
64421
1
1
229
1
373717
505049
2601
13
40
17
1793
433147
134
17242
77688
4891
253731
76647
7
563727
143
2860
16384
1875
25511
73587
487255
18
1622
288466
2046
1
29
9
4
6
2
18
1
182382
0
5
1
40725
65
234579
279
2014
3977
0
157416
411
68
32744
13671
11
2
58
550
85
21260
107
63
20047
41
1342
25042
1030
29034
60
81
808
3292
10314
2
115401
1
6981
1
15854
5
508553
875205
1
120549
33
13
7746
17493
244438
0
30
229
11701
152
642456
1931
3
740
3347
3
415
14
14817
917
21
113
8893
67325
1845
8136
52
0
210
0
1
1785
236
0
1649
588
352
3373
15137
31
1827
102143
1
2485
11
1
69
5289
101325
401
831
20164
24
3824
1964
24120
7
195
796355
67
488419
5407
427
102487
3
20
4007
14203
9119
34
158
2494
44870
98523
23
19
6
3475
6
4442
10
5299
183
17
15413
1037149
1061
8
29770
296
3089
19033
81277
1053
404964
0
12
333374
11
2271
3
51703
9111
3
207
269283
272317
481
13
456
43700
0
14424
4
244
1
3
280
12
1530
1
2
0
862600
86
71192
4685
18
22
392391
22
9778
2
60
117
7305
0
659
2
607502
144
372
189232
764229
13939
122571
38931
496103
1374
0
0
28
4
23
11
31
5
16
492
34224
0
6651
6600
1408
7600
131700
32
16044
443
40871
57380
0
43916
0
0
87813
426
137
273
68
0
900
2608
28
2608
15604
4
59015
4
606
2
14398
12541
1
653
5729
120341
887665
7057
1327
862
0
1419
3
3
2367
39547
0
4980
630
122
7
1
60575
350467
1735
48
916
1904
44836
8669
13
25789
0
488244
205000
92884
4
816
18
777
62605
3066
0
12
2680
980
27168
2
23980
597
1
1
185
85
3632
361
12280
157772
10236
48
1218
22
758
46
7
2
346430
178634
10
12
65788
1
45837
5
25
20461
14520
516
656
0
128676
381125
0
3659
1008202
61719
94
258
22931
40232
18132
13
109
3
166590
2
4582
950
443682
9338
110
471
182107
2535
438807
16
2140
172
271581
65
3069
1
3657
111
1
181869
2649
1189
1
29
371
2374
3790
25322
571206
38
3474
2
25
1
14
146
339
27214
2246
2
1159
7307
45
2
18974
8
0
847016
59125
0
222
2
0
1959
0
384
0
4
104
25452
10
6286
31
3683
1
77
297581
21
1528
82284
2012
196
5840
220
0
2
9125
1769
2201
1133
28
423
345315
13
97
3
7
87
392067
40492
17171
580870
21
193953
13
5329
13
3
1
41
5
867209
109
241
245
9
185
7049
33224
498961
1
3301
1
749
461
1
9
503450
30
14706
8130
3972
0
184628
3
11
1984
3192
876
0
0
52
256339
6
0
6228
564912
4
45
2
606
2
7962
6
362
6
822
29076
228
145
91697
976541
189
1
21
230460
0
120
69736
33936
212
413201
56
291
48
9797
2876
152
468
480
38860
8
0
13
1016
66524
0
56
68860
3
449
1
3497
6101
43895
8788
299900
718856
8892
75192
14578
5
153
1
30083
110450
185
246573
65779
133246
162307
6
7618
104846
0
1
5
65
5
291
403
368067
169327
12
14032
411661
56
2012
74301
16737
254
2898
13
33185
1
341817
31341
2
8
469
2649
7037
128441
5
1
8077
1
11
414668
0
27483
1496
60688
117124
46
120
15148
4094
42770
2
24236
0
82
22
500
0
13
235073
6
218
2816
65732
1
58177
23
242
7634
0
340
4
828256
6755
52
1
33412
647
9879
10760
4
5816
12437
80
4
80
105
649805
121
133
2
6
426
250
18
8822
564
440
1
5
14070
2
1902
235
266809
13
289
60993
59501
1
1344
5904
117
5982
302458
80766
269
2589
161
53
13008
501
3
186314
93
33
63173
3477
511
58
382
8716
12976
160
0
3104
28752
112607
63
4
2
1997
4
31184
807
12386
64214
1982
1
5
489
0
19
305
18293
2385
6
2
37
410845
9676
289
85
929
11
517338
206794
1246
42
8012
10869
0
228
1360
1158
2
428014
2650
62251
7389
150758
35726
0
519288
108579
5394
6
1712
1
236
49
716
161
160
11692
131
271
6279
230347
10
6538
122
3054
14
18
6
12642
3043
1
1711
334163
1439
814315
694
250
2195
7
405
25
1546
46
122554
30578
5672
0
428
55
119784
210668
371
57173
25
7993
48237
2
3958
322
14
2
2
1159
5995
15
391
7275
2
143944
0
4
19470
85535
166
258122
1254
2874
2774
290
25
4
1
4
448
48527
13197
0
1244
108
310
27
935
6963
2
78
28992
0
20196
14
1
29
54817
189
729
13
3225
1
6185
2013
197
152
1276
8
729
58
902
122
6
2
58
30822
2347
2950
2
5962
222766
162411
7535
100883
6783
10
939454
3158
0
420
147
1609
152
927564
28470
1
7075
18832
0
3
16100
4979
263
0
963
864
301
455866
50
2
181142
7778
7822
60
17
341
35039
Time taken by the program: 0.0000000000 seconds
