(a): {1}
Case 1: 
(swaps): {1}
(maxswaps): 1
(mean): 0.000000
----------

(a): {1, 2}
Case 2: 
(swaps): {1, 1}
(maxswaps): 2
(mean): 1.500000
----------

(a): {1, 2, 3}
Case 3: 
(swaps): {1, 2, 2, 1}
(maxswaps): 4
(mean): 7.500000
----------

(a): {1, 2, 3, 4}
Case 4: 
(swaps): {1, 3, 5, 6, 5, 3, 1}
(maxswaps): 7
(mean): 24.000000
----------

(a): {1, 2, 3, 4, 5}
Case 5: 
(swaps): {1, 4, 9, 15, 20, 22, 20, 15, 9, 4, 1}
(maxswaps): 11
(mean): 60.000000
----------

(a): {1, 2, 3, 4, 5, 6}
Case 6: 
(swaps): {1, 5, 14, 29, 49, 71, 90, 101, 101, 90, 71, 49, 29, 14, 5, 1}
(maxswaps): 16
(mean): 127.500000
----------

(a): {1, 2, 3, 4, 5, 6, 7}
Case 7: 
(swaps): {1, 6, 20, 49, 98, 169, 259, 359, 455, 531, 573, 573, 531, 455, 359, 259, 169, 98, 49, 20, 6, 1}
(maxswaps): 22
(mean): 241.500000
----------

